  [1m[35m (6.5ms)[0m  [1m[35mCREATE TABLE "schema_migrations" ("version" varchar NOT NULL PRIMARY KEY)[0m
  [1m[35m (0.1ms)[0m  [1m[35mCREATE TABLE "ar_internal_metadata" ("key" varchar NOT NULL PRIMARY KEY, "value" varchar, "created_at" datetime(6) NOT NULL, "updated_at" datetime(6) NOT NULL)[0m
  [1m[36mActiveRecord::InternalMetadata Load (0.1ms)[0m  [1m[34mSELECT * FROM "ar_internal_metadata" WHERE "ar_internal_metadata"."key" = ? ORDER BY "ar_internal_metadata"."key" ASC LIMIT 1[0m  [[nil, "environment"]]
  [1m[36mActiveRecord::InternalMetadata Create (0.1ms)[0m  [1m[32mINSERT INTO "ar_internal_metadata" ("key", "value", "created_at", "updated_at") VALUES ('environment', 'development', '2024-08-31 06:01:48.109226', '2024-08-31 06:01:48.109229') RETURNING "key"[0m
  [1m[36mActiveRecord::SchemaMigration Load (0.1ms)[0m  [1m[34mSELECT "schema_migrations"."version" FROM "schema_migrations" ORDER BY "schema_migrations"."version" ASC[0m
Migrating to CreateBooks (20240831060135)
  [1m[36mTRANSACTION (0.0ms)[0m  [1m[36mbegin transaction[0m
  [1m[35m (1.2ms)[0m  [1m[35mCREATE TABLE "books" ("id" integer PRIMARY KEY AUTOINCREMENT NOT NULL, "title" varchar, "memo" text, "created_at" datetime(6) NOT NULL, "updated_at" datetime(6) NOT NULL)[0m
  [1m[36mActiveRecord::SchemaMigration Create (0.1ms)[0m  [1m[32mINSERT INTO "schema_migrations" ("version") VALUES ('20240831060135') RETURNING "version"[0m
  [1m[36mTRANSACTION (0.0ms)[0m  [1m[36mcommit transaction[0m
  [1m[36mActiveRecord::SchemaMigration Load (0.0ms)[0m  [1m[34mSELECT "schema_migrations"."version" FROM "schema_migrations" ORDER BY "schema_migrations"."version" ASC[0m
Started GET "/books" for ::1 at 2024-08-31 15:02:14 +0900
  [1m[36mActiveRecord::SchemaMigration Load (0.6ms)[0m  [1m[34mSELECT "schema_migrations"."version" FROM "schema_migrations" ORDER BY "schema_migrations"."version" ASC[0m
Processing by BooksController#index as HTML
  Rendering layout layouts/application.html.erb
  Rendering books/index.html.erb within layouts/application
  [1m[36mBook Load (0.9ms)[0m  [1m[34mSELECT "books".* FROM "books"[0m
  â†³ app/views/books/index.html.erb:8
  Rendered books/index.html.erb within layouts/application (Duration: 16.0ms | GC: 10.8ms)
  Rendered layout layouts/application.html.erb (Duration: 385.5ms | GC: 77.8ms)
Completed 200 OK in 441ms (Views: 391.7ms | ActiveRecord: 0.9ms (1 query, 0 cached) | GC: 77.8ms)


Started GET "/manifest.json" for ::1 at 2024-08-31 15:02:15 +0900
Processing by Rails::PwaController#manifest as JSON
  Rendering pwa/manifest.json.erb
  Rendered pwa/manifest.json.erb (Duration: 0.4ms | GC: 0.0ms)
Completed 200 OK in 3ms (Views: 2.8ms | ActiveRecord: 0.0ms (0 queries, 0 cached) | GC: 0.0ms)


Started GET "/books/new" for ::1 at 2024-08-31 15:02:21 +0900
Processing by BooksController#new as HTML
  Rendering layout layouts/application.html.erb
  Rendering books/new.html.erb within layouts/application
  Rendered books/_form.html.erb (Duration: 26.0ms | GC: 0.0ms)
  Rendered books/new.html.erb within layouts/application (Duration: 29.0ms | GC: 0.0ms)
  Rendered layout layouts/application.html.erb (Duration: 31.8ms | GC: 0.0ms)
Completed 200 OK in 47ms (Views: 32.5ms | ActiveRecord: 1.1ms (0 queries, 0 cached) | GC: 0.0ms)


Started POST "/books" for ::1 at 2024-08-31 15:02:50 +0900
Processing by BooksController#create as TURBO_STREAM
  Parameters: {"authenticity_token"=>"[FILTERED]", "book"=>{"title"=>"å¤¢æ°´æ¸…å¿—éƒŽ", "memo"=>"ã¯ã‚„ã¿ã­ã‹ãŠã‚‹è‘—"}, "commit"=>"Create Book"}
  [1m[36mTRANSACTION (2.5ms)[0m  [1m[36mbegin transaction[0m
  â†³ app/controllers/books_controller.rb:27:in `block in create'
  [1m[36mBook Create (6.6ms)[0m  [1m[32mINSERT INTO "books" ("title", "memo", "created_at", "updated_at") VALUES (?, ?, ?, ?) RETURNING "id"[0m  [["title", "å¤¢æ°´æ¸…å¿—éƒŽ"], ["memo", "ã¯ã‚„ã¿ã­ã‹ãŠã‚‹è‘—"], ["created_at", "2024-08-31 06:02:50.020659"], ["updated_at", "2024-08-31 06:02:50.020659"]]
  â†³ app/controllers/books_controller.rb:27:in `block in create'
  [1m[36mTRANSACTION (5.3ms)[0m  [1m[36mcommit transaction[0m
  â†³ app/controllers/books_controller.rb:27:in `block in create'
Redirected to http://localhost:3000/books/1
Completed 302 Found in 35ms (ActiveRecord: 14.6ms (1 query, 0 cached) | GC: 0.0ms)


Started GET "/books/1" for ::1 at 2024-08-31 15:02:50 +0900
Processing by BooksController#show as TURBO_STREAM
  Parameters: {"id"=>"1"}
  [1m[36mBook Load (1.8ms)[0m  [1m[34mSELECT "books".* FROM "books" WHERE "books"."id" = ? LIMIT ?[0m  [["id", 1], ["LIMIT", 1]]
  â†³ app/controllers/books_controller.rb:63:in `set_book'
  Rendering layout layouts/application.html.erb
  Rendering books/show.html.erb within layouts/application
  Rendered books/_book.html.erb (Duration: 0.3ms | GC: 0.0ms)
  Rendered books/show.html.erb within layouts/application (Duration: 4.9ms | GC: 0.0ms)
  Rendered layout layouts/application.html.erb (Duration: 16.7ms | GC: 9.0ms)
Completed 200 OK in 26ms (Views: 18.1ms | ActiveRecord: 1.7ms (1 query, 0 cached) | GC: 9.0ms)


Started GET "/books" for ::1 at 2024-08-31 15:03:00 +0900
Processing by BooksController#index as HTML
  Rendering layout layouts/application.html.erb
  Rendering books/index.html.erb within layouts/application
  [1m[36mBook Load (0.2ms)[0m  [1m[34mSELECT "books".* FROM "books"[0m
  â†³ app/views/books/index.html.erb:8
  Rendered books/_book.html.erb (Duration: 0.5ms | GC: 0.0ms)
  Rendered books/index.html.erb within layouts/application (Duration: 3.4ms | GC: 0.0ms)
  Rendered layout layouts/application.html.erb (Duration: 5.3ms | GC: 0.4ms)
Completed 200 OK in 8ms (Views: 6.3ms | ActiveRecord: 0.1ms (1 query, 0 cached) | GC: 0.4ms)


Started GET "/books/new" for ::1 at 2024-08-31 15:03:04 +0900
Processing by BooksController#new as HTML
  Rendering layout layouts/application.html.erb
  Rendering books/new.html.erb within layouts/application
  Rendered books/_form.html.erb (Duration: 7.2ms | GC: 0.0ms)
  Rendered books/new.html.erb within layouts/application (Duration: 7.9ms | GC: 0.0ms)
  Rendered layout layouts/application.html.erb (Duration: 10.2ms | GC: 0.4ms)
Completed 200 OK in 17ms (Views: 11.1ms | ActiveRecord: 0.0ms (0 queries, 0 cached) | GC: 0.4ms)


Started GET "/books/1" for ::1 at 2024-08-31 15:03:04 +0900
Processing by BooksController#show as HTML
  Parameters: {"id"=>"1"}
  [1m[36mBook Load (0.0ms)[0m  [1m[34mSELECT "books".* FROM "books" WHERE "books"."id" = ? LIMIT ?[0m  [["id", 1], ["LIMIT", 1]]
  â†³ app/controllers/books_controller.rb:63:in `set_book'
  Rendering layout layouts/application.html.erb
  Rendering books/show.html.erb within layouts/application
  Rendered books/_book.html.erb (Duration: 0.4ms | GC: 0.0ms)
  Rendered books/show.html.erb within layouts/application (Duration: 3.5ms | GC: 0.0ms)
  Rendered layout layouts/application.html.erb (Duration: 5.5ms | GC: 0.4ms)
Completed 200 OK in 12ms (Views: 6.3ms | ActiveRecord: 0.0ms (1 query, 0 cached) | GC: 0.4ms)


Started GET "/books/1" for ::1 at 2024-08-31 15:03:10 +0900
Processing by BooksController#show as HTML
  Parameters: {"id"=>"1"}
  [1m[36mBook Load (0.1ms)[0m  [1m[34mSELECT "books".* FROM "books" WHERE "books"."id" = ? LIMIT ?[0m  [["id", 1], ["LIMIT", 1]]
  â†³ app/controllers/books_controller.rb:63:in `set_book'
  Rendering layout layouts/application.html.erb
  Rendering books/show.html.erb within layouts/application
  Rendered books/_book.html.erb (Duration: 0.1ms | GC: 0.0ms)
  Rendered books/show.html.erb within layouts/application (Duration: 5.6ms | GC: 0.0ms)
  Rendered layout layouts/application.html.erb (Duration: 6.4ms | GC: 0.0ms)
Completed 200 OK in 10ms (Views: 7.3ms | ActiveRecord: 0.1ms (1 query, 0 cached) | GC: 0.0ms)


Started GET "/books/1/edit" for ::1 at 2024-08-31 15:03:12 +0900
Processing by BooksController#edit as HTML
  Parameters: {"id"=>"1"}
  [1m[36mBook Load (0.1ms)[0m  [1m[34mSELECT "books".* FROM "books" WHERE "books"."id" = ? LIMIT ?[0m  [["id", 1], ["LIMIT", 1]]
  â†³ app/controllers/books_controller.rb:63:in `set_book'
  Rendering layout layouts/application.html.erb
  Rendering books/edit.html.erb within layouts/application
  Rendered books/_form.html.erb (Duration: 4.8ms | GC: 0.0ms)
  Rendered books/edit.html.erb within layouts/application (Duration: 5.7ms | GC: 0.0ms)
  Rendered layout layouts/application.html.erb (Duration: 6.8ms | GC: 0.0ms)
Completed 200 OK in 9ms (Views: 7.4ms | ActiveRecord: 0.1ms (1 query, 0 cached) | GC: 0.0ms)


Started GET "/books/1" for ::1 at 2024-08-31 15:03:15 +0900
Processing by BooksController#show as HTML
  Parameters: {"id"=>"1"}
  [1m[36mBook Load (0.1ms)[0m  [1m[34mSELECT "books".* FROM "books" WHERE "books"."id" = ? LIMIT ?[0m  [["id", 1], ["LIMIT", 1]]
  â†³ app/controllers/books_controller.rb:63:in `set_book'
  Rendering layout layouts/application.html.erb
  Rendering books/show.html.erb within layouts/application
  Rendered books/_book.html.erb (Duration: 0.0ms | GC: 0.0ms)
  Rendered books/show.html.erb within layouts/application (Duration: 4.0ms | GC: 0.0ms)
  Rendered layout layouts/application.html.erb (Duration: 5.3ms | GC: 0.0ms)
Completed 200 OK in 9ms (Views: 5.7ms | ActiveRecord: 0.0ms (1 query, 0 cached) | GC: 0.0ms)


Started GET "/books" for ::1 at 2024-08-31 15:03:16 +0900
Processing by BooksController#index as HTML
  Rendering layout layouts/application.html.erb
  Rendering books/index.html.erb within layouts/application
  [1m[36mBook Load (0.1ms)[0m  [1m[34mSELECT "books".* FROM "books"[0m
  â†³ app/views/books/index.html.erb:8
  Rendered books/_book.html.erb (Duration: 0.1ms | GC: 0.0ms)
  Rendered books/index.html.erb within layouts/application (Duration: 7.2ms | GC: 0.0ms)
  Rendered layout layouts/application.html.erb (Duration: 10.2ms | GC: 0.2ms)
Completed 200 OK in 13ms (Views: 10.6ms | ActiveRecord: 0.1ms (1 query, 0 cached) | GC: 0.2ms)


Started GET "/books/1" for ::1 at 2024-08-31 15:11:32 +0900
Processing by BooksController#show as HTML
  Parameters: {"id"=>"1"}
  [1m[36mBook Load (1.9ms)[0m  [1m[34mSELECT "books".* FROM "books" WHERE "books"."id" = ? LIMIT ?[0m  [["id", 1], ["LIMIT", 1]]
  â†³ app/controllers/books_controller.rb:63:in `set_book'
  Rendering layout layouts/application.html.erb
  Rendering books/show.html.erb within layouts/application
  Rendered books/_book.html.erb (Duration: 0.4ms | GC: 0.0ms)
  Rendered books/show.html.erb within layouts/application (Duration: 2.8ms | GC: 0.0ms)
  Rendered layout layouts/application.html.erb (Duration: 4.1ms | GC: 0.0ms)
Completed 200 OK in 9ms (Views: 4.8ms | ActiveRecord: 1.8ms (1 query, 0 cached) | GC: 0.0ms)


Started GET "/books/1/edit" for ::1 at 2024-08-31 15:11:36 +0900
Processing by BooksController#edit as HTML
  Parameters: {"id"=>"1"}
  [1m[36mBook Load (0.1ms)[0m  [1m[34mSELECT "books".* FROM "books" WHERE "books"."id" = ? LIMIT ?[0m  [["id", 1], ["LIMIT", 1]]
  â†³ app/controllers/books_controller.rb:63:in `set_book'
  Rendering layout layouts/application.html.erb
  Rendering books/edit.html.erb within layouts/application
  Rendered books/_form.html.erb (Duration: 3.1ms | GC: 0.2ms)
  Rendered books/edit.html.erb within layouts/application (Duration: 7.2ms | GC: 0.2ms)
  Rendered layout layouts/application.html.erb (Duration: 8.9ms | GC: 0.2ms)
Completed 200 OK in 18ms (Views: 9.2ms | ActiveRecord: 0.1ms (1 query, 0 cached) | GC: 0.2ms)


Started GET "/books" for ::1 at 2024-08-31 15:11:37 +0900
Processing by BooksController#index as HTML
  Rendering layout layouts/application.html.erb
  Rendering books/index.html.erb within layouts/application
  [1m[36mBook Load (0.1ms)[0m  [1m[34mSELECT "books".* FROM "books"[0m
  â†³ app/views/books/index.html.erb:8
  Rendered books/_book.html.erb (Duration: 0.2ms | GC: 0.0ms)
  Rendered books/index.html.erb within layouts/application (Duration: 7.8ms | GC: 0.4ms)
  Rendered layout layouts/application.html.erb (Duration: 8.7ms | GC: 0.4ms)
Completed 200 OK in 12ms (Views: 11.1ms | ActiveRecord: 0.1ms (1 query, 0 cached) | GC: 0.4ms)


Started GET "/rails/info" for ::1 at 2024-08-31 15:12:09 +0900
Processing by Rails::InfoController#index as HTML
Redirected to http://localhost:3000/rails/info/routes
Completed 302 Found in 7ms (ActiveRecord: 0.0ms (0 queries, 0 cached) | GC: 0.0ms)


Started GET "/rails/info/routes" for ::1 at 2024-08-31 15:12:09 +0900
Processing by Rails::InfoController#routes as HTML
  Rendering layout /home/tomoka/.rbenv/versions/3.3.0/lib/ruby/gems/3.3.0/gems/railties-7.2.1/lib/rails/templates/layouts/application.html.erb
  Rendering /home/tomoka/.rbenv/versions/3.3.0/lib/ruby/gems/3.3.0/gems/railties-7.2.1/lib/rails/templates/rails/info/routes.html.erb within layouts/application
  Rendered collection of /home/tomoka/.rbenv/versions/3.3.0/lib/ruby/gems/3.3.0/gems/actionpack-7.2.1/lib/action_dispatch/middleware/templates/routes/_route.html.erb [37 times] (Duration: 29.1ms | GC: 0.0ms)
  Rendered /home/tomoka/.rbenv/versions/3.3.0/lib/ruby/gems/3.3.0/gems/actionpack-7.2.1/lib/action_dispatch/middleware/templates/routes/_table.html.erb (Duration: 3.4ms | GC: 0.0ms)
  Rendered /home/tomoka/.rbenv/versions/3.3.0/lib/ruby/gems/3.3.0/gems/railties-7.2.1/lib/rails/templates/rails/info/routes.html.erb within layouts/application (Duration: 42.4ms | GC: 0.0ms)
  Rendered layout /home/tomoka/.rbenv/versions/3.3.0/lib/ruby/gems/3.3.0/gems/railties-7.2.1/lib/rails/templates/layouts/application.html.erb (Duration: 43.9ms | GC: 0.0ms)
Completed 200 OK in 48ms (Views: 45.7ms | ActiveRecord: 0.0ms (0 queries, 0 cached) | GC: 0.0ms)


Started GET "/" for ::1 at 2024-08-31 15:53:29 +0900
  [1m[36mActiveRecord::SchemaMigration Load (0.7ms)[0m  [1m[34mSELECT "schema_migrations"."version" FROM "schema_migrations" ORDER BY "schema_migrations"."version" ASC[0m
Processing by Rails::WelcomeController#index as HTML
  Rendering /home/tomoka/.rbenv/versions/3.3.0/lib/ruby/gems/3.3.0/gems/railties-7.2.1/lib/rails/templates/rails/welcome/index.html.erb
  Rendered /home/tomoka/.rbenv/versions/3.3.0/lib/ruby/gems/3.3.0/gems/railties-7.2.1/lib/rails/templates/rails/welcome/index.html.erb (Duration: 0.8ms | GC: 0.0ms)
Completed 200 OK in 12ms (Views: 4.3ms | ActiveRecord: 0.0ms (0 queries, 0 cached) | GC: 0.0ms)


Started GET "/books" for ::1 at 2024-08-31 15:53:33 +0900
Processing by BooksController#index as HTML
  Rendering layout layouts/application.html.erb
  Rendering books/index.html.erb within layouts/application
  [1m[36mBook Load (1.3ms)[0m  [1m[34mSELECT "books".* FROM "books"[0m
  â†³ app/views/books/index.html.erb:8
  Rendered books/_book.html.erb (Duration: 0.7ms | GC: 0.0ms)
  Rendered books/index.html.erb within layouts/application (Duration: 22.5ms | GC: 0.0ms)
  Rendered layout layouts/application.html.erb (Duration: 148.0ms | GC: 15.6ms)
Completed 200 OK in 169ms (Views: 148.3ms | ActiveRecord: 2.2ms (1 query, 0 cached) | GC: 15.6ms)


Started GET "/manifest.json" for ::1 at 2024-08-31 15:53:33 +0900
Processing by Rails::PwaController#manifest as JSON
  Rendering pwa/manifest.json.erb
  Rendered pwa/manifest.json.erb (Duration: 0.6ms | GC: 0.0ms)
Completed 200 OK in 4ms (Views: 1.7ms | ActiveRecord: 0.0ms (0 queries, 0 cached) | GC: 0.0ms)


Started GET "/books/new" for ::1 at 2024-08-31 15:53:37 +0900
Processing by BooksController#new as HTML
  Rendering layout layouts/application.html.erb
  Rendering books/new.html.erb within layouts/application
  Rendered books/_form.html.erb (Duration: 10.8ms | GC: 0.0ms)
  Rendered books/new.html.erb within layouts/application (Duration: 12.8ms | GC: 0.0ms)
  Rendered layout layouts/application.html.erb (Duration: 17.1ms | GC: 0.0ms)
Completed 200 OK in 21ms (Views: 18.6ms | ActiveRecord: 0.0ms (0 queries, 0 cached) | GC: 0.0ms)


Started GET "/books/1" for ::1 at 2024-08-31 15:53:37 +0900
Processing by BooksController#show as HTML
  Parameters: {"id"=>"1"}
  [1m[36mBook Load (3.5ms)[0m  [1m[34mSELECT "books".* FROM "books" WHERE "books"."id" = ? LIMIT ?[0m  [["id", 1], ["LIMIT", 1]]
  â†³ app/controllers/books_controller.rb:63:in `set_book'
  Rendering layout layouts/application.html.erb
  Rendering books/show.html.erb within layouts/application
  Rendered books/_book.html.erb (Duration: 0.9ms | GC: 0.0ms)
  Rendered books/show.html.erb within layouts/application (Duration: 4.1ms | GC: 0.0ms)
  Rendered layout layouts/application.html.erb (Duration: 5.8ms | GC: 0.0ms)
Completed 200 OK in 17ms (Views: 6.2ms | ActiveRecord: 3.5ms (1 query, 0 cached) | GC: 0.0ms)


Started GET "/books/1" for ::1 at 2024-08-31 16:03:03 +0900
Processing by BooksController#show as HTML
  Parameters: {"id"=>"1"}
  [1m[36mBook Load (5.6ms)[0m  [1m[34mSELECT "books".* FROM "books" WHERE "books"."id" = ? LIMIT ?[0m  [["id", 1], ["LIMIT", 1]]
  â†³ app/controllers/books_controller.rb:63:in `set_book'
  Rendering layout layouts/application.html.erb
  Rendering books/show.html.erb within layouts/application
  Rendered books/_book.html.erb (Duration: 0.1ms | GC: 0.0ms)
  Rendered books/show.html.erb within layouts/application (Duration: 2.9ms | GC: 0.0ms)
  Rendered layout layouts/application.html.erb (Duration: 23.3ms | GC: 18.4ms)
Completed 200 OK in 37ms (Views: 24.6ms | ActiveRecord: 5.6ms (1 query, 0 cached) | GC: 18.4ms)


Started GET "/books/1" for ::1 at 2024-08-31 16:03:03 +0900
Processing by BooksController#show as HTML
  Parameters: {"id"=>"1"}
  [1m[36mBook Load (0.3ms)[0m  [1m[34mSELECT "books".* FROM "books" WHERE "books"."id" = ? LIMIT ?[0m  [["id", 1], ["LIMIT", 1]]
  â†³ app/controllers/books_controller.rb:63:in `set_book'
  Rendering layout layouts/application.html.erb
  Rendering books/show.html.erb within layouts/application
  Rendered books/_book.html.erb (Duration: 0.6ms | GC: 0.0ms)
  Rendered books/show.html.erb within layouts/application (Duration: 1.9ms | GC: 0.0ms)
  Rendered layout layouts/application.html.erb (Duration: 4.5ms | GC: 0.6ms)
Completed 200 OK in 10ms (Views: 6.2ms | ActiveRecord: 0.3ms (1 query, 0 cached) | GC: 0.6ms)


Started GET "/books/new" for ::1 at 2024-08-31 16:03:04 +0900
Processing by BooksController#new as HTML
  Rendering layout layouts/application.html.erb
  Rendering books/new.html.erb within layouts/application
  Rendered books/_form.html.erb (Duration: 7.2ms | GC: 0.0ms)
  Rendered books/new.html.erb within layouts/application (Duration: 7.8ms | GC: 0.0ms)
  Rendered layout layouts/application.html.erb (Duration: 9.0ms | GC: 0.0ms)
Completed 200 OK in 17ms (Views: 10.7ms | ActiveRecord: 0.0ms (0 queries, 0 cached) | GC: 0.0ms)


Started GET "/rails/info/routes" for ::1 at 2024-08-31 16:03:40 +0900
Processing by Rails::InfoController#routes as HTML
  Rendering layout /home/tomoka/.rbenv/versions/3.3.0/lib/ruby/gems/3.3.0/gems/railties-7.2.1/lib/rails/templates/layouts/application.html.erb
  Rendering /home/tomoka/.rbenv/versions/3.3.0/lib/ruby/gems/3.3.0/gems/railties-7.2.1/lib/rails/templates/rails/info/routes.html.erb within layouts/application
  Rendered collection of /home/tomoka/.rbenv/versions/3.3.0/lib/ruby/gems/3.3.0/gems/actionpack-7.2.1/lib/action_dispatch/middleware/templates/routes/_route.html.erb [37 times] (Duration: 39.8ms | GC: 10.1ms)
  Rendered /home/tomoka/.rbenv/versions/3.3.0/lib/ruby/gems/3.3.0/gems/actionpack-7.2.1/lib/action_dispatch/middleware/templates/routes/_table.html.erb (Duration: 5.4ms | GC: 3.1ms)
  Rendered /home/tomoka/.rbenv/versions/3.3.0/lib/ruby/gems/3.3.0/gems/railties-7.2.1/lib/rails/templates/rails/info/routes.html.erb within layouts/application (Duration: 53.5ms | GC: 13.5ms)
  Rendered layout /home/tomoka/.rbenv/versions/3.3.0/lib/ruby/gems/3.3.0/gems/railties-7.2.1/lib/rails/templates/layouts/application.html.erb (Duration: 55.1ms | GC: 13.5ms)
Completed 200 OK in 60ms (Views: 57.0ms | ActiveRecord: 0.0ms (0 queries, 0 cached) | GC: 13.5ms)


Started GET "/manifest.json" for ::1 at 2024-08-31 21:21:04 +0900
Processing by Rails::PwaController#manifest as JSON
  Rendering pwa/manifest.json.erb
  Rendered pwa/manifest.json.erb (Duration: 1.6ms | GC: 0.0ms)
Completed 200 OK in 12ms (Views: 6.8ms | ActiveRecord: 0.0ms (0 queries, 0 cached) | GC: 0.0ms)


Started POST "/books" for ::1 at 2024-08-31 21:21:23 +0900
Processing by BooksController#create as TURBO_STREAM
  Parameters: {"authenticity_token"=>"[FILTERED]", "book"=>{"title"=>"å¤¢æ°´æ¸…å¿—éƒŽ", "memo"=>"ã¯ã‚„ã¿ã­ã‹ãŠã‚‹è‘—"}, "commit"=>"Create Book"}
  Rendering public/406-unsupported-browser.html
  Rendered public/406-unsupported-browser.html (Duration: 0.2ms | GC: 0.0ms)
Filter chain halted as #<Proc:0x00007f352f85e948 /home/tomoka/.rbenv/versions/3.3.0/lib/ruby/gems/3.3.0/gems/actionpack-7.2.1/lib/action_controller/metal/allow_browser.rb:48 (lambda)> rendered or redirected
Completed 406 Not Acceptable in 14ms (Views: 5.3ms | ActiveRecord: 0.0ms (0 queries, 0 cached) | GC: 0.0ms)


Started GET "/books/new" for ::1 at 2024-08-31 21:21:23 +0900
Processing by BooksController#new as HTML
  Rendering public/406-unsupported-browser.html
  Rendered public/406-unsupported-browser.html (Duration: 0.1ms | GC: 0.0ms)
Filter chain halted as #<Proc:0x00007f352f85e948 /home/tomoka/.rbenv/versions/3.3.0/lib/ruby/gems/3.3.0/gems/actionpack-7.2.1/lib/action_controller/metal/allow_browser.rb:48 (lambda)> rendered or redirected
Completed 406 Not Acceptable in 2ms (Views: 0.7ms | ActiveRecord: 0.0ms (0 queries, 0 cached) | GC: 0.0ms)


Started GET "/" for ::1 at 2024-08-31 21:21:33 +0900
Processing by Rails::WelcomeController#index as HTML
  Rendering /home/tomoka/.rbenv/versions/3.3.0/lib/ruby/gems/3.3.0/gems/railties-7.2.1/lib/rails/templates/rails/welcome/index.html.erb
  Rendered /home/tomoka/.rbenv/versions/3.3.0/lib/ruby/gems/3.3.0/gems/railties-7.2.1/lib/rails/templates/rails/welcome/index.html.erb (Duration: 0.3ms | GC: 0.0ms)
Completed 200 OK in 2ms (Views: 0.6ms | ActiveRecord: 0.0ms (0 queries, 0 cached) | GC: 0.0ms)


Started GET "/books" for ::1 at 2024-08-31 21:21:43 +0900
Processing by BooksController#index as HTML
  Rendering layout layouts/application.html.erb
  Rendering books/index.html.erb within layouts/application
  [1m[36mBook Load (3.6ms)[0m  [1m[34mSELECT "books".* FROM "books"[0m
  â†³ app/views/books/index.html.erb:8
  Rendered books/_book.html.erb (Duration: 0.7ms | GC: 0.0ms)
  Rendered books/index.html.erb within layouts/application (Duration: 14.9ms | GC: 0.0ms)
  Rendered layout layouts/application.html.erb (Duration: 17.7ms | GC: 0.0ms)
Completed 200 OK in 20ms (Views: 14.6ms | ActiveRecord: 3.6ms (1 query, 0 cached) | GC: 0.0ms)


Started GET "/manifest.json" for ::1 at 2024-08-31 21:21:43 +0900
Processing by Rails::PwaController#manifest as JSON
  Rendering pwa/manifest.json.erb
  Rendered pwa/manifest.json.erb (Duration: 0.1ms | GC: 0.0ms)
Completed 200 OK in 3ms (Views: 2.1ms | ActiveRecord: 0.0ms (0 queries, 0 cached) | GC: 0.0ms)


Started GET "/books/1" for ::1 at 2024-08-31 21:21:46 +0900
Processing by BooksController#show as HTML
  Parameters: {"id"=>"1"}
  [1m[36mBook Load (0.4ms)[0m  [1m[34mSELECT "books".* FROM "books" WHERE "books"."id" = ? LIMIT ?[0m  [["id", 1], ["LIMIT", 1]]
  â†³ app/controllers/books_controller.rb:63:in `set_book'
  Rendering layout layouts/application.html.erb
  Rendering books/show.html.erb within layouts/application
  Rendered books/_book.html.erb (Duration: 0.3ms | GC: 0.0ms)
  Rendered books/show.html.erb within layouts/application (Duration: 2.3ms | GC: 0.0ms)
  Rendered layout layouts/application.html.erb (Duration: 4.2ms | GC: 0.0ms)
Completed 200 OK in 8ms (Views: 5.4ms | ActiveRecord: 0.2ms (1 query, 0 cached) | GC: 0.0ms)


Started GET "/books/new" for ::1 at 2024-08-31 21:21:46 +0900
Processing by BooksController#new as HTML
  Rendering layout layouts/application.html.erb
  Rendering books/new.html.erb within layouts/application
  Rendered books/_form.html.erb (Duration: 9.9ms | GC: 0.0ms)
  Rendered books/new.html.erb within layouts/application (Duration: 10.2ms | GC: 0.0ms)
  Rendered layout layouts/application.html.erb (Duration: 11.2ms | GC: 0.0ms)
Completed 200 OK in 14ms (Views: 11.5ms | ActiveRecord: 0.0ms (0 queries, 0 cached) | GC: 0.0ms)


Started GET "/manifest.json" for ::1 at 2024-08-31 21:22:08 +0900
Processing by Rails::PwaController#manifest as JSON
  Rendering pwa/manifest.json.erb
  Rendered pwa/manifest.json.erb (Duration: 0.2ms | GC: 0.0ms)
Completed 200 OK in 1ms (Views: 0.7ms | ActiveRecord: 0.0ms (0 queries, 0 cached) | GC: 0.0ms)


Started POST "/books" for ::1 at 2024-08-31 21:22:10 +0900
Processing by BooksController#create as TURBO_STREAM
  Parameters: {"authenticity_token"=>"[FILTERED]", "book"=>{"title"=>"åæŽ¢åµã‚³ãƒŠãƒ³", "memo"=>"é’å±±è‘—"}, "commit"=>"Create Book"}
  Rendering public/406-unsupported-browser.html
  Rendered public/406-unsupported-browser.html (Duration: 0.1ms | GC: 0.0ms)
Filter chain halted as #<Proc:0x00007f352f85e948 /home/tomoka/.rbenv/versions/3.3.0/lib/ruby/gems/3.3.0/gems/actionpack-7.2.1/lib/action_controller/metal/allow_browser.rb:48 (lambda)> rendered or redirected
Completed 406 Not Acceptable in 5ms (Views: 1.2ms | ActiveRecord: 0.0ms (0 queries, 0 cached) | GC: 0.0ms)


Started GET "/books/new" for ::1 at 2024-08-31 21:22:10 +0900
Processing by BooksController#new as HTML
  Rendering public/406-unsupported-browser.html
  Rendered public/406-unsupported-browser.html (Duration: 0.1ms | GC: 0.0ms)
Filter chain halted as #<Proc:0x00007f352f85e948 /home/tomoka/.rbenv/versions/3.3.0/lib/ruby/gems/3.3.0/gems/actionpack-7.2.1/lib/action_controller/metal/allow_browser.rb:48 (lambda)> rendered or redirected
Completed 406 Not Acceptable in 1ms (Views: 0.3ms | ActiveRecord: 0.0ms (0 queries, 0 cached) | GC: 0.0ms)


Started GET "/books" for ::1 at 2024-08-31 21:22:15 +0900
Processing by BooksController#index as HTML
  Rendering public/406-unsupported-browser.html
  Rendered public/406-unsupported-browser.html (Duration: 0.1ms | GC: 0.0ms)
Filter chain halted as #<Proc:0x00007f352f85e948 /home/tomoka/.rbenv/versions/3.3.0/lib/ruby/gems/3.3.0/gems/actionpack-7.2.1/lib/action_controller/metal/allow_browser.rb:48 (lambda)> rendered or redirected
Completed 406 Not Acceptable in 2ms (Views: 0.8ms | ActiveRecord: 0.0ms (0 queries, 0 cached) | GC: 0.0ms)


Started GET "/books" for ::1 at 2024-08-31 21:22:27 +0900
Processing by BooksController#index as HTML
  Rendering layout layouts/application.html.erb
  Rendering books/index.html.erb within layouts/application
  [1m[36mBook Load (0.2ms)[0m  [1m[34mSELECT "books".* FROM "books"[0m
  â†³ app/views/books/index.html.erb:8
  Rendered books/_book.html.erb (Duration: 0.0ms | GC: 0.0ms)
  Rendered books/index.html.erb within layouts/application (Duration: 5.1ms | GC: 0.0ms)
  Rendered layout layouts/application.html.erb (Duration: 7.0ms | GC: 0.0ms)
Completed 200 OK in 8ms (Views: 7.1ms | ActiveRecord: 0.2ms (1 query, 0 cached) | GC: 0.0ms)


Started GET "/manifest.json" for ::1 at 2024-08-31 21:22:27 +0900
Processing by Rails::PwaController#manifest as JSON
  Rendering pwa/manifest.json.erb
  Rendered pwa/manifest.json.erb (Duration: 0.1ms | GC: 0.0ms)
Completed 200 OK in 1ms (Views: 0.5ms | ActiveRecord: 0.0ms (0 queries, 0 cached) | GC: 0.0ms)


Started GET "/books/1" for ::1 at 2024-08-31 21:22:28 +0900
Processing by BooksController#show as HTML
  Parameters: {"id"=>"1"}
  [1m[36mBook Load (0.3ms)[0m  [1m[34mSELECT "books".* FROM "books" WHERE "books"."id" = ? LIMIT ?[0m  [["id", 1], ["LIMIT", 1]]
  â†³ app/controllers/books_controller.rb:63:in `set_book'
  Rendering layout layouts/application.html.erb
  Rendering books/show.html.erb within layouts/application
  Rendered books/_book.html.erb (Duration: 0.4ms | GC: 0.0ms)
  Rendered books/show.html.erb within layouts/application (Duration: 3.3ms | GC: 0.0ms)
  Rendered layout layouts/application.html.erb (Duration: 6.4ms | GC: 0.5ms)
Completed 200 OK in 9ms (Views: 6.8ms | ActiveRecord: 0.2ms (1 query, 0 cached) | GC: 0.5ms)


Started DELETE "/books/1" for ::1 at 2024-08-31 21:22:30 +0900
Processing by BooksController#destroy as TURBO_STREAM
  Parameters: {"authenticity_token"=>"[FILTERED]", "id"=>"1"}
  [1m[36mBook Load (0.1ms)[0m  [1m[34mSELECT "books".* FROM "books" WHERE "books"."id" = ? LIMIT ?[0m  [["id", 1], ["LIMIT", 1]]
  â†³ app/controllers/books_controller.rb:63:in `set_book'
  [1m[36mTRANSACTION (0.2ms)[0m  [1m[36mbegin transaction[0m
  â†³ app/controllers/books_controller.rb:52:in `destroy'
  [1m[36mBook Destroy (2.0ms)[0m  [1m[31mDELETE FROM "books" WHERE "books"."id" = ?[0m  [["id", 1]]
  â†³ app/controllers/books_controller.rb:52:in `destroy'
  [1m[36mTRANSACTION (14.2ms)[0m  [1m[36mcommit transaction[0m
  â†³ app/controllers/books_controller.rb:52:in `destroy'
Redirected to http://localhost:3000/books
Completed 302 Found in 38ms (ActiveRecord: 16.4ms (2 queries, 0 cached) | GC: 0.2ms)


Started GET "/books" for ::1 at 2024-08-31 21:22:30 +0900
Processing by BooksController#index as TURBO_STREAM
  Rendering layout layouts/application.html.erb
  Rendering books/index.html.erb within layouts/application
  [1m[36mBook Load (0.0ms)[0m  [1m[34mSELECT "books".* FROM "books"[0m
  â†³ app/views/books/index.html.erb:8
  Rendered books/index.html.erb within layouts/application (Duration: 10.1ms | GC: 0.0ms)
  Rendered layout layouts/application.html.erb (Duration: 11.2ms | GC: 0.0ms)
Completed 200 OK in 12ms (Views: 11.9ms | ActiveRecord: 0.0ms (1 query, 0 cached) | GC: 0.0ms)


Started GET "/books/new" for ::1 at 2024-08-31 21:22:31 +0900
Processing by BooksController#new as HTML
  Rendering layout layouts/application.html.erb
  Rendering books/new.html.erb within layouts/application
  Rendered books/_form.html.erb (Duration: 7.2ms | GC: 0.0ms)
  Rendered books/new.html.erb within layouts/application (Duration: 7.7ms | GC: 0.0ms)
  Rendered layout layouts/application.html.erb (Duration: 8.6ms | GC: 0.0ms)
Completed 200 OK in 11ms (Views: 10.4ms | ActiveRecord: 0.0ms (0 queries, 0 cached) | GC: 0.0ms)


Started POST "/books" for ::1 at 2024-08-31 21:22:36 +0900
Processing by BooksController#create as TURBO_STREAM
  Parameters: {"authenticity_token"=>"[FILTERED]", "book"=>{"title"=>"å¤¢æ°´æ¸…å¿—éƒŽ", "memo"=>"ha\n"}, "commit"=>"Create Book"}
  [1m[36mTRANSACTION (0.0ms)[0m  [1m[36mbegin transaction[0m
  â†³ app/controllers/books_controller.rb:27:in `block in create'
  [1m[36mBook Create (1.8ms)[0m  [1m[32mINSERT INTO "books" ("title", "memo", "created_at", "updated_at") VALUES (?, ?, ?, ?) RETURNING "id"[0m  [["title", "å¤¢æ°´æ¸…å¿—éƒŽ"], ["memo", "ha\n"], ["created_at", "2024-08-31 12:22:36.566497"], ["updated_at", "2024-08-31 12:22:36.566497"]]
  â†³ app/controllers/books_controller.rb:27:in `block in create'
  [1m[36mTRANSACTION (0.1ms)[0m  [1m[36mcommit transaction[0m
  â†³ app/controllers/books_controller.rb:27:in `block in create'
Redirected to http://localhost:3000/books/2
Completed 302 Found in 20ms (ActiveRecord: 1.9ms (1 query, 0 cached) | GC: 0.0ms)


Started GET "/books/2" for ::1 at 2024-08-31 21:22:36 +0900
Processing by BooksController#show as TURBO_STREAM
  Parameters: {"id"=>"2"}
  [1m[36mBook Load (0.1ms)[0m  [1m[34mSELECT "books".* FROM "books" WHERE "books"."id" = ? LIMIT ?[0m  [["id", 2], ["LIMIT", 1]]
  â†³ app/controllers/books_controller.rb:63:in `set_book'
  Rendering layout layouts/application.html.erb
  Rendering books/show.html.erb within layouts/application
  Rendered books/_book.html.erb (Duration: 0.2ms | GC: 0.0ms)
  Rendered books/show.html.erb within layouts/application (Duration: 3.2ms | GC: 0.0ms)
  Rendered layout layouts/application.html.erb (Duration: 4.6ms | GC: 0.0ms)
Completed 200 OK in 9ms (Views: 5.5ms | ActiveRecord: 0.0ms (1 query, 0 cached) | GC: 0.0ms)


Started GET "/books/2/edit" for ::1 at 2024-08-31 21:22:39 +0900
Processing by BooksController#edit as HTML
  Parameters: {"id"=>"2"}
  [1m[36mBook Load (0.0ms)[0m  [1m[34mSELECT "books".* FROM "books" WHERE "books"."id" = ? LIMIT ?[0m  [["id", 2], ["LIMIT", 1]]
  â†³ app/controllers/books_controller.rb:63:in `set_book'
  Rendering layout layouts/application.html.erb
  Rendering books/edit.html.erb within layouts/application
  Rendered books/_form.html.erb (Duration: 1.9ms | GC: 0.0ms)
  Rendered books/edit.html.erb within layouts/application (Duration: 4.1ms | GC: 0.0ms)
  Rendered layout layouts/application.html.erb (Duration: 7.2ms | GC: 0.0ms)
Completed 200 OK in 15ms (Views: 12.3ms | ActiveRecord: 0.0ms (1 query, 0 cached) | GC: 0.0ms)


Started GET "/books" for ::1 at 2024-08-31 21:22:40 +0900
Processing by BooksController#index as HTML
  Rendering layout layouts/application.html.erb
  Rendering books/index.html.erb within layouts/application
  [1m[36mBook Load (0.0ms)[0m  [1m[34mSELECT "books".* FROM "books"[0m
  â†³ app/views/books/index.html.erb:8
  Rendered books/_book.html.erb (Duration: 0.7ms | GC: 0.0ms)
  Rendered books/index.html.erb within layouts/application (Duration: 3.5ms | GC: 0.0ms)
  Rendered layout layouts/application.html.erb (Duration: 9.1ms | GC: 0.0ms)
Completed 200 OK in 10ms (Views: 9.9ms | ActiveRecord: 0.0ms (1 query, 0 cached) | GC: 0.0ms)


Started GET "/books/2" for ::1 at 2024-08-31 21:22:43 +0900
Processing by BooksController#show as HTML
  Parameters: {"id"=>"2"}
  [1m[36mBook Load (1.5ms)[0m  [1m[34mSELECT "books".* FROM "books" WHERE "books"."id" = ? LIMIT ?[0m  [["id", 2], ["LIMIT", 1]]
  â†³ app/controllers/books_controller.rb:63:in `set_book'
  Rendering layout layouts/application.html.erb
  Rendering books/show.html.erb within layouts/application
  Rendered books/_book.html.erb (Duration: 0.0ms | GC: 0.0ms)
  Rendered books/show.html.erb within layouts/application (Duration: 1.3ms | GC: 0.0ms)
  Rendered layout layouts/application.html.erb (Duration: 2.7ms | GC: 0.0ms)
Completed 200 OK in 19ms (Views: 10.2ms | ActiveRecord: 0.1ms (1 query, 0 cached) | GC: 0.7ms)


Started GET "/books/2/edit" for ::1 at 2024-08-31 21:22:44 +0900
Processing by BooksController#edit as HTML
  Parameters: {"id"=>"2"}
  [1m[36mBook Load (0.1ms)[0m  [1m[34mSELECT "books".* FROM "books" WHERE "books"."id" = ? LIMIT ?[0m  [["id", 2], ["LIMIT", 1]]
  â†³ app/controllers/books_controller.rb:63:in `set_book'
  Rendering layout layouts/application.html.erb
  Rendering books/edit.html.erb within layouts/application
  Rendered books/_form.html.erb (Duration: 6.0ms | GC: 0.0ms)
  Rendered books/edit.html.erb within layouts/application (Duration: 6.3ms | GC: 0.0ms)
  Rendered layout layouts/application.html.erb (Duration: 8.0ms | GC: 0.0ms)
Completed 200 OK in 11ms (Views: 8.3ms | ActiveRecord: 0.1ms (1 query, 0 cached) | GC: 0.5ms)


Started DELETE "/books/2" for ::1 at 2024-08-31 21:22:46 +0900
Processing by BooksController#destroy as TURBO_STREAM
  Parameters: {"authenticity_token"=>"[FILTERED]", "id"=>"2"}
  [1m[36mBook Load (0.2ms)[0m  [1m[34mSELECT "books".* FROM "books" WHERE "books"."id" = ? LIMIT ?[0m  [["id", 2], ["LIMIT", 1]]
  â†³ app/controllers/books_controller.rb:63:in `set_book'
  [1m[36mTRANSACTION (0.1ms)[0m  [1m[36mbegin transaction[0m
  â†³ app/controllers/books_controller.rb:52:in `destroy'
  [1m[36mBook Destroy (1.0ms)[0m  [1m[31mDELETE FROM "books" WHERE "books"."id" = ?[0m  [["id", 2]]
  â†³ app/controllers/books_controller.rb:52:in `destroy'
  [1m[36mTRANSACTION (0.4ms)[0m  [1m[36mcommit transaction[0m
  â†³ app/controllers/books_controller.rb:52:in `destroy'
Redirected to http://localhost:3000/books
Completed 302 Found in 10ms (ActiveRecord: 1.6ms (2 queries, 0 cached) | GC: 0.0ms)


Started GET "/books" for ::1 at 2024-08-31 21:22:46 +0900
Processing by BooksController#index as TURBO_STREAM
  Rendering layout layouts/application.html.erb
  Rendering books/index.html.erb within layouts/application
  [1m[36mBook Load (0.2ms)[0m  [1m[34mSELECT "books".* FROM "books"[0m
  â†³ app/views/books/index.html.erb:8
  Rendered books/index.html.erb within layouts/application (Duration: 3.4ms | GC: 0.2ms)
  Rendered layout layouts/application.html.erb (Duration: 4.5ms | GC: 0.2ms)
Completed 200 OK in 8ms (Views: 5.1ms | ActiveRecord: 0.2ms (1 query, 0 cached) | GC: 0.2ms)


Started GET "/books/new" for ::1 at 2024-08-31 21:22:47 +0900
Processing by BooksController#new as HTML
  Rendering layout layouts/application.html.erb
  Rendering books/new.html.erb within layouts/application
  Rendered books/_form.html.erb (Duration: 3.5ms | GC: 0.6ms)
  Rendered books/new.html.erb within layouts/application (Duration: 4.0ms | GC: 0.6ms)
  Rendered layout layouts/application.html.erb (Duration: 6.3ms | GC: 0.6ms)
Completed 200 OK in 8ms (Views: 6.6ms | ActiveRecord: 0.0ms (0 queries, 0 cached) | GC: 0.6ms)


Started GET "/manifest.json" for ::1 at 2024-08-31 21:22:58 +0900
Processing by Rails::PwaController#manifest as JSON
  Rendering pwa/manifest.json.erb
  Rendered pwa/manifest.json.erb (Duration: 0.1ms | GC: 0.0ms)
Completed 200 OK in 4ms (Views: 3.1ms | ActiveRecord: 0.0ms (0 queries, 0 cached) | GC: 0.0ms)


Started POST "/books" for ::1 at 2024-08-31 21:23:03 +0900
Processing by BooksController#create as TURBO_STREAM
  Parameters: {"authenticity_token"=>"[FILTERED]", "book"=>{"title"=>"å¤¢æ°´æ¸…å¿—éƒŽ", "memo"=>"ã¯ã‚„ã¿ã­ã‹ãŠã‚‹è‘—"}, "commit"=>"Create Book"}
  Rendering public/406-unsupported-browser.html
  Rendered public/406-unsupported-browser.html (Duration: 0.3ms | GC: 0.0ms)
Filter chain halted as #<Proc:0x00007f352f85e948 /home/tomoka/.rbenv/versions/3.3.0/lib/ruby/gems/3.3.0/gems/actionpack-7.2.1/lib/action_controller/metal/allow_browser.rb:48 (lambda)> rendered or redirected
Completed 406 Not Acceptable in 9ms (Views: 2.2ms | ActiveRecord: 0.0ms (0 queries, 0 cached) | GC: 0.0ms)


Started GET "/books/new" for ::1 at 2024-08-31 21:23:03 +0900
Processing by BooksController#new as HTML
  Rendering public/406-unsupported-browser.html
  Rendered public/406-unsupported-browser.html (Duration: 0.1ms | GC: 0.0ms)
Filter chain halted as #<Proc:0x00007f352f85e948 /home/tomoka/.rbenv/versions/3.3.0/lib/ruby/gems/3.3.0/gems/actionpack-7.2.1/lib/action_controller/metal/allow_browser.rb:48 (lambda)> rendered or redirected
Completed 406 Not Acceptable in 5ms (Views: 0.5ms | ActiveRecord: 0.0ms (0 queries, 0 cached) | GC: 0.0ms)


Started GET "/books" for ::1 at 2024-08-31 21:23:13 +0900
Processing by BooksController#index as HTML
  Rendering layout layouts/application.html.erb
  Rendering books/index.html.erb within layouts/application
  [1m[36mBook Load (0.1ms)[0m  [1m[34mSELECT "books".* FROM "books"[0m
  â†³ app/views/books/index.html.erb:8
  Rendered books/index.html.erb within layouts/application (Duration: 2.5ms | GC: 0.0ms)
  Rendered layout layouts/application.html.erb (Duration: 5.1ms | GC: 0.0ms)
Completed 200 OK in 7ms (Views: 5.4ms | ActiveRecord: 0.1ms (1 query, 0 cached) | GC: 0.0ms)


Started GET "/manifest.json" for ::1 at 2024-08-31 21:23:13 +0900
Processing by Rails::PwaController#manifest as JSON
  Rendering pwa/manifest.json.erb
  Rendered pwa/manifest.json.erb (Duration: 0.1ms | GC: 0.0ms)
Completed 200 OK in 1ms (Views: 0.4ms | ActiveRecord: 0.0ms (0 queries, 0 cached) | GC: 0.0ms)


Started GET "/books/new" for ::1 at 2024-08-31 21:23:14 +0900
Processing by BooksController#new as HTML
  Rendering layout layouts/application.html.erb
  Rendering books/new.html.erb within layouts/application
  Rendered books/_form.html.erb (Duration: 9.2ms | GC: 0.0ms)
  Rendered books/new.html.erb within layouts/application (Duration: 9.5ms | GC: 0.0ms)
  Rendered layout layouts/application.html.erb (Duration: 10.4ms | GC: 0.0ms)
Completed 200 OK in 11ms (Views: 10.6ms | ActiveRecord: 0.0ms (0 queries, 0 cached) | GC: 0.0ms)


Started POST "/books" for ::1 at 2024-08-31 21:23:20 +0900
Processing by BooksController#create as TURBO_STREAM
  Parameters: {"authenticity_token"=>"[FILTERED]", "book"=>{"title"=>"å¤¢æ°´æ¸…å¿—éƒŽ", "memo"=>"ã¯ã‚„ã¿ã­ã‹ãŠã‚‹è‘—"}, "commit"=>"Create Book"}
  [1m[36mTRANSACTION (0.0ms)[0m  [1m[36mbegin transaction[0m
  â†³ app/controllers/books_controller.rb:27:in `block in create'
  [1m[36mBook Create (1.0ms)[0m  [1m[32mINSERT INTO "books" ("title", "memo", "created_at", "updated_at") VALUES (?, ?, ?, ?) RETURNING "id"[0m  [["title", "å¤¢æ°´æ¸…å¿—éƒŽ"], ["memo", "ã¯ã‚„ã¿ã­ã‹ãŠã‚‹è‘—"], ["created_at", "2024-08-31 12:23:20.034868"], ["updated_at", "2024-08-31 12:23:20.034868"]]
  â†³ app/controllers/books_controller.rb:27:in `block in create'
  [1m[36mTRANSACTION (0.1ms)[0m  [1m[36mcommit transaction[0m
  â†³ app/controllers/books_controller.rb:27:in `block in create'
Redirected to http://localhost:3000/books/3
Completed 302 Found in 13ms (ActiveRecord: 1.1ms (1 query, 0 cached) | GC: 0.0ms)


Started GET "/books/3" for ::1 at 2024-08-31 21:23:20 +0900
Processing by BooksController#show as TURBO_STREAM
  Parameters: {"id"=>"3"}
  [1m[36mBook Load (0.0ms)[0m  [1m[34mSELECT "books".* FROM "books" WHERE "books"."id" = ? LIMIT ?[0m  [["id", 3], ["LIMIT", 1]]
  â†³ app/controllers/books_controller.rb:63:in `set_book'
  Rendering layout layouts/application.html.erb
  Rendering books/show.html.erb within layouts/application
  Rendered books/_book.html.erb (Duration: 0.0ms | GC: 0.0ms)
  Rendered books/show.html.erb within layouts/application (Duration: 7.8ms | GC: 0.0ms)
  Rendered layout layouts/application.html.erb (Duration: 8.7ms | GC: 0.0ms)
Completed 200 OK in 12ms (Views: 8.9ms | ActiveRecord: 0.0ms (1 query, 0 cached) | GC: 0.2ms)


Started GET "/books/3/edit" for ::1 at 2024-08-31 21:23:21 +0900
Processing by BooksController#edit as HTML
  Parameters: {"id"=>"3"}
  [1m[36mBook Load (0.1ms)[0m  [1m[34mSELECT "books".* FROM "books" WHERE "books"."id" = ? LIMIT ?[0m  [["id", 3], ["LIMIT", 1]]
  â†³ app/controllers/books_controller.rb:63:in `set_book'
  Rendering layout layouts/application.html.erb
  Rendering books/edit.html.erb within layouts/application
  Rendered books/_form.html.erb (Duration: 2.9ms | GC: 0.0ms)
  Rendered books/edit.html.erb within layouts/application (Duration: 3.3ms | GC: 0.0ms)
  Rendered layout layouts/application.html.erb (Duration: 5.4ms | GC: 0.0ms)
Completed 200 OK in 8ms (Views: 5.6ms | ActiveRecord: 0.1ms (1 query, 0 cached) | GC: 0.4ms)


Started GET "/books" for ::1 at 2024-08-31 21:23:22 +0900
Processing by BooksController#index as HTML
  Rendering layout layouts/application.html.erb
  Rendering books/index.html.erb within layouts/application
  [1m[36mBook Load (0.1ms)[0m  [1m[34mSELECT "books".* FROM "books"[0m
  â†³ app/views/books/index.html.erb:8
  Rendered books/_book.html.erb (Duration: 0.0ms | GC: 0.0ms)
  Rendered books/index.html.erb within layouts/application (Duration: 1.4ms | GC: 0.0ms)
  Rendered layout layouts/application.html.erb (Duration: 2.7ms | GC: 0.0ms)
Completed 200 OK in 6ms (Views: 4.0ms | ActiveRecord: 0.1ms (1 query, 0 cached) | GC: 0.2ms)


Started GET "/books" for ::1 at 2024-08-31 21:23:23 +0900
Processing by BooksController#index as HTML
  Rendering layout layouts/application.html.erb
  Rendering books/index.html.erb within layouts/application
  [1m[36mBook Load (0.1ms)[0m  [1m[34mSELECT "books".* FROM "books"[0m
  â†³ app/views/books/index.html.erb:8
  Rendered books/_book.html.erb (Duration: 0.0ms | GC: 0.0ms)
  Rendered books/index.html.erb within layouts/application (Duration: 3.2ms | GC: 0.0ms)
  Rendered layout layouts/application.html.erb (Duration: 5.0ms | GC: 0.0ms)
Completed 200 OK in 7ms (Views: 5.3ms | ActiveRecord: 0.1ms (1 query, 0 cached) | GC: 0.0ms)


Started GET "/books/3" for ::1 at 2024-08-31 21:23:24 +0900
Processing by BooksController#show as HTML
  Parameters: {"id"=>"3"}
  [1m[36mBook Load (0.1ms)[0m  [1m[34mSELECT "books".* FROM "books" WHERE "books"."id" = ? LIMIT ?[0m  [["id", 3], ["LIMIT", 1]]
  â†³ app/controllers/books_controller.rb:63:in `set_book'
  Rendering layout layouts/application.html.erb
  Rendering books/show.html.erb within layouts/application
  Rendered books/_book.html.erb (Duration: 0.0ms | GC: 0.0ms)
  Rendered books/show.html.erb within layouts/application (Duration: 0.7ms | GC: 0.0ms)
  Rendered layout layouts/application.html.erb (Duration: 2.9ms | GC: 0.0ms)
Completed 200 OK in 8ms (Views: 3.6ms | ActiveRecord: 0.1ms (1 query, 0 cached) | GC: 0.0ms)


Started GET "/books" for ::1 at 2024-08-31 21:23:25 +0900
Processing by BooksController#index as HTML
  Rendering layout layouts/application.html.erb
  Rendering books/index.html.erb within layouts/application
  [1m[36mBook Load (0.1ms)[0m  [1m[34mSELECT "books".* FROM "books"[0m
  â†³ app/views/books/index.html.erb:8
  Rendered books/_book.html.erb (Duration: 0.1ms | GC: 0.0ms)
  Rendered books/index.html.erb within layouts/application (Duration: 1.8ms | GC: 0.0ms)
  Rendered layout layouts/application.html.erb (Duration: 3.3ms | GC: 0.0ms)
Completed 200 OK in 5ms (Views: 4.4ms | ActiveRecord: 0.1ms (1 query, 0 cached) | GC: 0.0ms)


Started GET "/books/3" for ::1 at 2024-08-31 21:23:26 +0900
Processing by BooksController#show as HTML
  Parameters: {"id"=>"3"}
  [1m[36mBook Load (0.1ms)[0m  [1m[34mSELECT "books".* FROM "books" WHERE "books"."id" = ? LIMIT ?[0m  [["id", 3], ["LIMIT", 1]]
  â†³ app/controllers/books_controller.rb:63:in `set_book'
  Rendering layout layouts/application.html.erb
  Rendering books/show.html.erb within layouts/application
  Rendered books/_book.html.erb (Duration: 0.0ms | GC: 0.0ms)
  Rendered books/show.html.erb within layouts/application (Duration: 2.2ms | GC: 0.0ms)
  Rendered layout layouts/application.html.erb (Duration: 4.2ms | GC: 0.0ms)
Completed 200 OK in 9ms (Views: 4.7ms | ActiveRecord: 0.1ms (1 query, 0 cached) | GC: 0.0ms)


Started GET "/books/new" for ::1 at 2024-08-31 21:23:26 +0900
Processing by BooksController#new as HTML
  Rendering layout layouts/application.html.erb
  Rendering books/new.html.erb within layouts/application
  Rendered books/_form.html.erb (Duration: 2.2ms | GC: 0.0ms)
  Rendered books/new.html.erb within layouts/application (Duration: 2.5ms | GC: 0.0ms)
  Rendered layout layouts/application.html.erb (Duration: 15.1ms | GC: 0.0ms)
Completed 200 OK in 16ms (Views: 15.7ms | ActiveRecord: 0.0ms (0 queries, 0 cached) | GC: 0.0ms)


Started GET "/books" for ::1 at 2024-08-31 21:23:30 +0900
Processing by BooksController#index as HTML
  Rendering layout layouts/application.html.erb
  Rendering books/index.html.erb within layouts/application
  [1m[36mBook Load (0.1ms)[0m  [1m[34mSELECT "books".* FROM "books"[0m
  â†³ app/views/books/index.html.erb:8
  Rendered books/_book.html.erb (Duration: 0.0ms | GC: 0.0ms)
  Rendered books/index.html.erb within layouts/application (Duration: 8.6ms | GC: 0.0ms)
  Rendered layout layouts/application.html.erb (Duration: 11.0ms | GC: 0.0ms)
Completed 200 OK in 12ms (Views: 11.1ms | ActiveRecord: 0.1ms (1 query, 0 cached) | GC: 0.0ms)


Started POST "/books" for ::1 at 2024-08-31 21:23:30 +0900
Processing by BooksController#create as TURBO_STREAM
  Parameters: {"authenticity_token"=>"[FILTERED]", "book"=>{"title"=>"åæŽ¢åµã‚³ãƒŠãƒ³", "memo"=>"ã‚"}, "commit"=>"Create Book"}
  [1m[36mTRANSACTION (0.0ms)[0m  [1m[36mbegin transaction[0m
  â†³ app/controllers/books_controller.rb:27:in `block in create'
  [1m[36mBook Create (0.6ms)[0m  [1m[32mINSERT INTO "books" ("title", "memo", "created_at", "updated_at") VALUES (?, ?, ?, ?) RETURNING "id"[0m  [["title", "åæŽ¢åµã‚³ãƒŠãƒ³"], ["memo", "ã‚"], ["created_at", "2024-08-31 12:23:30.978694"], ["updated_at", "2024-08-31 12:23:30.978694"]]
  â†³ app/controllers/books_controller.rb:27:in `block in create'
  [1m[36mTRANSACTION (0.1ms)[0m  [1m[36mcommit transaction[0m
  â†³ app/controllers/books_controller.rb:27:in `block in create'
Redirected to http://localhost:3000/books/4
Completed 302 Found in 5ms (ActiveRecord: 0.7ms (1 query, 0 cached) | GC: 0.0ms)


Started GET "/books/4" for ::1 at 2024-08-31 21:23:30 +0900
Processing by BooksController#show as TURBO_STREAM
  Parameters: {"id"=>"4"}
  [1m[36mBook Load (0.0ms)[0m  [1m[34mSELECT "books".* FROM "books" WHERE "books"."id" = ? LIMIT ?[0m  [["id", 4], ["LIMIT", 1]]
  â†³ app/controllers/books_controller.rb:63:in `set_book'
  Rendering layout layouts/application.html.erb
  Rendering books/show.html.erb within layouts/application
  Rendered books/_book.html.erb (Duration: 0.0ms | GC: 0.0ms)
  Rendered books/show.html.erb within layouts/application (Duration: 0.9ms | GC: 0.0ms)
  Rendered layout layouts/application.html.erb (Duration: 1.7ms | GC: 0.0ms)
Completed 200 OK in 3ms (Views: 1.8ms | ActiveRecord: 0.0ms (1 query, 0 cached) | GC: 0.0ms)


Started GET "/books" for ::1 at 2024-08-31 21:23:33 +0900
Processing by BooksController#index as HTML
  Rendering layout layouts/application.html.erb
  Rendering books/index.html.erb within layouts/application
  [1m[36mBook Load (0.1ms)[0m  [1m[34mSELECT "books".* FROM "books"[0m
  â†³ app/views/books/index.html.erb:8
  Rendered books/_book.html.erb (Duration: 0.7ms | GC: 0.0ms)
  Rendered books/_book.html.erb (Duration: 0.3ms | GC: 0.0ms)
  Rendered books/index.html.erb within layouts/application (Duration: 4.6ms | GC: 0.0ms)
  Rendered layout layouts/application.html.erb (Duration: 6.0ms | GC: 0.0ms)
Completed 200 OK in 7ms (Views: 6.3ms | ActiveRecord: 0.1ms (1 query, 0 cached) | GC: 0.2ms)


Started GET "/manifest.json" for ::1 at 2024-08-31 21:23:41 +0900
Processing by Rails::PwaController#manifest as JSON
  Rendering pwa/manifest.json.erb
  Rendered pwa/manifest.json.erb (Duration: 0.1ms | GC: 0.0ms)
Completed 200 OK in 1ms (Views: 0.3ms | ActiveRecord: 0.0ms (0 queries, 0 cached) | GC: 0.0ms)


Started GET "/books/new" for ::1 at 2024-08-31 21:23:48 +0900
Processing by BooksController#new as HTML
  Rendering layout layouts/application.html.erb
  Rendering books/new.html.erb within layouts/application
  Rendered books/_form.html.erb (Duration: 1.2ms | GC: 0.0ms)
  Rendered books/new.html.erb within layouts/application (Duration: 2.4ms | GC: 0.0ms)
  Rendered layout layouts/application.html.erb (Duration: 3.2ms | GC: 0.0ms)
Completed 200 OK in 5ms (Views: 3.4ms | ActiveRecord: 0.0ms (0 queries, 0 cached) | GC: 0.0ms)


Started POST "/books" for ::1 at 2024-08-31 21:24:02 +0900
Processing by BooksController#create as TURBO_STREAM
  Parameters: {"authenticity_token"=>"[FILTERED]", "book"=>{"title"=>"ã‚¢ãƒ³ãƒ•ã‚§ã‚¢", "memo"=>"ç›®ã«ã¯ç›®ã‚’æ­¯ã«ã¯æ­¯ã‚’"}, "commit"=>"Create Book"}
  [1m[36mTRANSACTION (0.1ms)[0m  [1m[36mbegin transaction[0m
  â†³ app/controllers/books_controller.rb:27:in `block in create'
  [1m[36mBook Create (0.8ms)[0m  [1m[32mINSERT INTO "books" ("title", "memo", "created_at", "updated_at") VALUES (?, ?, ?, ?) RETURNING "id"[0m  [["title", "ã‚¢ãƒ³ãƒ•ã‚§ã‚¢"], ["memo", "ç›®ã«ã¯ç›®ã‚’æ­¯ã«ã¯æ­¯ã‚’"], ["created_at", "2024-08-31 12:24:02.258692"], ["updated_at", "2024-08-31 12:24:02.258692"]]
  â†³ app/controllers/books_controller.rb:27:in `block in create'
  [1m[36mTRANSACTION (0.1ms)[0m  [1m[36mcommit transaction[0m
  â†³ app/controllers/books_controller.rb:27:in `block in create'
Redirected to http://localhost:3000/books/5
Completed 302 Found in 4ms (ActiveRecord: 1.0ms (1 query, 0 cached) | GC: 0.0ms)


Started GET "/books/5" for ::1 at 2024-08-31 21:24:02 +0900
Processing by BooksController#show as TURBO_STREAM
  Parameters: {"id"=>"5"}
  [1m[36mBook Load (0.0ms)[0m  [1m[34mSELECT "books".* FROM "books" WHERE "books"."id" = ? LIMIT ?[0m  [["id", 5], ["LIMIT", 1]]
  â†³ app/controllers/books_controller.rb:63:in `set_book'
  Rendering layout layouts/application.html.erb
  Rendering books/show.html.erb within layouts/application
  Rendered books/_book.html.erb (Duration: 0.0ms | GC: 0.0ms)
  Rendered books/show.html.erb within layouts/application (Duration: 1.6ms | GC: 0.0ms)
  Rendered layout layouts/application.html.erb (Duration: 2.2ms | GC: 0.0ms)
Completed 200 OK in 4ms (Views: 2.3ms | ActiveRecord: 0.0ms (1 query, 0 cached) | GC: 0.0ms)


  [1m[36mTRANSACTION (0.2ms)[0m  [1m[36mbegin transaction[0m
  [1m[36mBook Create (4.7ms)[0m  [1m[32mINSERT INTO "books" ("title", "memo", "created_at", "updated_at") VALUES (?, ?, ?, ?) RETURNING "id"[0m  [["title", "some title"], ["memo", "some memo"], ["created_at", "2024-08-31 12:39:19.289617"], ["updated_at", "2024-08-31 12:39:19.289617"]]
  [1m[36mTRANSACTION (16.2ms)[0m  [1m[36mcommit transaction[0m
  [1m[36mBook Load (0.2ms)[0m  [1m[34mSELECT "books".* FROM "books" ORDER BY "books"."id" DESC LIMIT ?[0m  [["LIMIT", 1]]
Started GET "/books" for ::1 at 2024-08-31 21:40:09 +0900
  [1m[36mActiveRecord::SchemaMigration Load (0.6ms)[0m  [1m[34mSELECT "schema_migrations"."version" FROM "schema_migrations" ORDER BY "schema_migrations"."version" ASC[0m
Processing by BooksController#index as HTML
  Rendering layout layouts/application.html.erb
  Rendering books/index.html.erb within layouts/application
  [1m[36mBook Load (0.8ms)[0m  [1m[34mSELECT "books".* FROM "books"[0m
  â†³ app/views/books/index.html.erb:8
  Rendered books/_book.html.erb (Duration: 0.4ms | GC: 0.0ms)
  Rendered books/_book.html.erb (Duration: 0.0ms | GC: 0.0ms)
  Rendered books/_book.html.erb (Duration: 0.0ms | GC: 0.0ms)
  Rendered books/_book.html.erb (Duration: 0.0ms | GC: 0.0ms)
  Rendered books/index.html.erb within layouts/application (Duration: 19.3ms | GC: 0.0ms)
  Rendered layout layouts/application.html.erb (Duration: 139.7ms | GC: 12.9ms)
Completed 200 OK in 159ms (Views: 141.4ms | ActiveRecord: 1.4ms (1 query, 0 cached) | GC: 12.9ms)


Started GET "/books" for ::1 at 2024-08-31 21:40:10 +0900
Processing by BooksController#index as HTML
  Rendering layout layouts/application.html.erb
  Rendering books/index.html.erb within layouts/application
  [1m[36mBook Load (2.1ms)[0m  [1m[34mSELECT "books".* FROM "books"[0m
  â†³ app/views/books/index.html.erb:8
  Rendered books/_book.html.erb (Duration: 0.2ms | GC: 0.0ms)
  Rendered books/_book.html.erb (Duration: 0.4ms | GC: 0.0ms)
  Rendered books/_book.html.erb (Duration: 0.1ms | GC: 0.0ms)
  Rendered books/_book.html.erb (Duration: 0.3ms | GC: 0.0ms)
  Rendered books/index.html.erb within layouts/application (Duration: 10.3ms | GC: 0.0ms)
  Rendered layout layouts/application.html.erb (Duration: 13.1ms | GC: 0.0ms)
Completed 200 OK in 15ms (Views: 11.6ms | ActiveRecord: 2.0ms (1 query, 0 cached) | GC: 0.0ms)


Started GET "/rails/info/routes%E3%81%AE%E3%83%9A%E3%83%BC%E3%82%B8%E3%81%A7%E8%A1%A8%E7%A4%BA%E3%81%95%E3%82%8C%E3%81%9F8%E8%A1%8C%E3%81%AE%E5%AF%BE%E5%BF%9C%E8%A1%A8%E3%81%AF%E3%80%81" for ::1 at 2024-09-01 15:27:02 +0900
  
ActionController::RoutingError (No route matches [GET] "/rails/info/routes%E3%81%AE%E3%83%9A%E3%83%BC%E3%82%B8%E3%81%A7%E8%A1%A8%E7%A4%BA%E3%81%95%E3%82%8C%E3%81%9F8%E8%A1%8C%E3%81%AE%E5%AF%BE%E5%BF%9C%E8%A1%A8%E3%81%AF%E3%80%81"):
  
Started GET "/rails/info/routes%E3%81%AE%E3%83%9A%E3%83%BC%E3%82%B8%E3%81%A7%E8%A1%A8%E7%A4%BA%E3%81%95%E3%82%8C%E3%81%9F8%E8%A1%8C%E3%81%AE%E5%AF%BE%E5%BF%9C%E8%A1%A8%E3%81%AF%E3%80%81" for ::1 at 2024-09-01 15:27:13 +0900
  
ActionController::RoutingError (No route matches [GET] "/rails/info/routes%E3%81%AE%E3%83%9A%E3%83%BC%E3%82%B8%E3%81%A7%E8%A1%A8%E7%A4%BA%E3%81%95%E3%82%8C%E3%81%9F8%E8%A1%8C%E3%81%AE%E5%AF%BE%E5%BF%9C%E8%A1%A8%E3%81%AF%E3%80%81"):
  
Started GET "/rails/info/routes%E3%81%AE%E3%83%9A%E3%83%BC%E3%82%B8%E3%81%A7%E8%A1%A8%E7%A4%BA%E3%81%95%E3%82%8C%E3%81%9F8%E8%A1%8C%E3%81%AE%E5%AF%BE%E5%BF%9C%E8%A1%A8%E3%81%AF%E3%80%81" for ::1 at 2024-09-01 15:27:37 +0900
  
ActionController::RoutingError (No route matches [GET] "/rails/info/routes%E3%81%AE%E3%83%9A%E3%83%BC%E3%82%B8%E3%81%A7%E8%A1%A8%E7%A4%BA%E3%81%95%E3%82%8C%E3%81%9F8%E8%A1%8C%E3%81%AE%E5%AF%BE%E5%BF%9C%E8%A1%A8%E3%81%AF%E3%80%81"):
  
  [1m[36mActiveRecord::InternalMetadata Load (0.9ms)[0m  [1m[34mSELECT * FROM "ar_internal_metadata" WHERE "ar_internal_metadata"."key" = ? ORDER BY "ar_internal_metadata"."key" ASC LIMIT 1[0m  [[nil, "environment"]]
  [1m[36mActiveRecord::SchemaMigration Load (0.2ms)[0m  [1m[34mSELECT "schema_migrations"."version" FROM "schema_migrations" ORDER BY "schema_migrations"."version" ASC[0m
Migrating to AddAuthorToBooks (20240901075048)
  [1m[36mTRANSACTION (0.0ms)[0m  [1m[36mbegin transaction[0m
  [1m[35m (4.6ms)[0m  [1m[35mALTER TABLE "books" ADD "author" varchar[0m
  [1m[36mActiveRecord::SchemaMigration Create (0.4ms)[0m  [1m[32mINSERT INTO "schema_migrations" ("version") VALUES ('20240901075048') RETURNING "version"[0m
  [1m[36mTRANSACTION (4.8ms)[0m  [1m[36mcommit transaction[0m
  [1m[36mActiveRecord::SchemaMigration Load (0.0ms)[0m  [1m[34mSELECT "schema_migrations"."version" FROM "schema_migrations" ORDER BY "schema_migrations"."version" ASC[0m
Started GET "/books" for ::1 at 2024-09-01 16:56:38 +0900
  [1m[36mActiveRecord::SchemaMigration Load (0.6ms)[0m  [1m[34mSELECT "schema_migrations"."version" FROM "schema_migrations" ORDER BY "schema_migrations"."version" ASC[0m
Processing by BooksController#index as HTML
  Rendering layout layouts/application.html.erb
  Rendering books/index.html.erb within layouts/application
  [1m[36mBook Load (1.4ms)[0m  [1m[34mSELECT "books".* FROM "books"[0m
  â†³ app/views/books/index.html.erb:8
  Rendered books/_book.html.erb (Duration: 0.4ms | GC: 0.0ms)
  Rendered books/_book.html.erb (Duration: 0.0ms | GC: 0.0ms)
  Rendered books/_book.html.erb (Duration: 0.1ms | GC: 0.0ms)
  Rendered books/_book.html.erb (Duration: 0.0ms | GC: 0.0ms)
  Rendered books/index.html.erb within layouts/application (Duration: 28.5ms | GC: 0.0ms)
  Rendered layout layouts/application.html.erb (Duration: 155.5ms | GC: 14.5ms)
Completed 200 OK in 178ms (Views: 156.7ms | ActiveRecord: 2.1ms (1 query, 0 cached) | GC: 14.5ms)


Started GET "/manifest.json" for ::1 at 2024-09-01 16:56:38 +0900
Processing by Rails::PwaController#manifest as JSON
  Rendering pwa/manifest.json.erb
  Rendered pwa/manifest.json.erb (Duration: 0.7ms | GC: 0.0ms)
Completed 200 OK in 4ms (Views: 2.6ms | ActiveRecord: 0.0ms (0 queries, 0 cached) | GC: 0.0ms)


Started GET "/books/3" for ::1 at 2024-09-01 16:56:41 +0900
Processing by BooksController#show as HTML
  Parameters: {"id"=>"3"}
  [1m[36mBook Load (3.3ms)[0m  [1m[34mSELECT "books".* FROM "books" WHERE "books"."id" = ? LIMIT ?[0m  [["id", 3], ["LIMIT", 1]]
  â†³ app/controllers/books_controller.rb:63:in `set_book'
  Rendering layout layouts/application.html.erb
  Rendering books/show.html.erb within layouts/application
  Rendered books/_book.html.erb (Duration: 0.6ms | GC: 0.0ms)
  Rendered books/show.html.erb within layouts/application (Duration: 4.6ms | GC: 0.0ms)
  Rendered layout layouts/application.html.erb (Duration: 8.0ms | GC: 0.0ms)
Completed 200 OK in 20ms (Views: 8.9ms | ActiveRecord: 3.2ms (1 query, 0 cached) | GC: 0.0ms)


Started DELETE "/books/3" for ::1 at 2024-09-01 16:56:42 +0900
Processing by BooksController#destroy as TURBO_STREAM
  Parameters: {"authenticity_token"=>"[FILTERED]", "id"=>"3"}
  [1m[36mBook Load (0.5ms)[0m  [1m[34mSELECT "books".* FROM "books" WHERE "books"."id" = ? LIMIT ?[0m  [["id", 3], ["LIMIT", 1]]
  â†³ app/controllers/books_controller.rb:63:in `set_book'
  [1m[36mTRANSACTION (1.5ms)[0m  [1m[36mbegin transaction[0m
  â†³ app/controllers/books_controller.rb:52:in `destroy'
  [1m[36mBook Destroy (3.2ms)[0m  [1m[31mDELETE FROM "books" WHERE "books"."id" = ?[0m  [["id", 3]]
  â†³ app/controllers/books_controller.rb:52:in `destroy'
  [1m[36mTRANSACTION (7.4ms)[0m  [1m[36mcommit transaction[0m
  â†³ app/controllers/books_controller.rb:52:in `destroy'
Redirected to http://localhost:3000/books
Completed 302 Found in 29ms (ActiveRecord: 12.5ms (2 queries, 0 cached) | GC: 0.0ms)


Started GET "/books" for ::1 at 2024-09-01 16:56:42 +0900
Processing by BooksController#index as TURBO_STREAM
  Rendering layout layouts/application.html.erb
  Rendering books/index.html.erb within layouts/application
  [1m[36mBook Load (0.0ms)[0m  [1m[34mSELECT "books".* FROM "books"[0m
  â†³ app/views/books/index.html.erb:8
  Rendered books/_book.html.erb (Duration: 0.2ms | GC: 0.0ms)
  Rendered books/_book.html.erb (Duration: 0.2ms | GC: 0.0ms)
  Rendered books/_book.html.erb (Duration: 0.9ms | GC: 0.0ms)
  Rendered books/index.html.erb within layouts/application (Duration: 18.0ms | GC: 11.3ms)
  Rendered layout layouts/application.html.erb (Duration: 19.7ms | GC: 11.3ms)
Completed 200 OK in 21ms (Views: 20.0ms | ActiveRecord: 0.0ms (1 query, 0 cached) | GC: 11.3ms)


Started GET "/books/4" for ::1 at 2024-09-01 16:56:43 +0900
Processing by BooksController#show as HTML
  Parameters: {"id"=>"4"}
  [1m[36mBook Load (0.2ms)[0m  [1m[34mSELECT "books".* FROM "books" WHERE "books"."id" = ? LIMIT ?[0m  [["id", 4], ["LIMIT", 1]]
  â†³ app/controllers/books_controller.rb:63:in `set_book'
  Rendering layout layouts/application.html.erb
  Rendering books/show.html.erb within layouts/application
  Rendered books/_book.html.erb (Duration: 0.6ms | GC: 0.0ms)
  Rendered books/show.html.erb within layouts/application (Duration: 3.0ms | GC: 0.0ms)
  Rendered layout layouts/application.html.erb (Duration: 4.4ms | GC: 0.0ms)
Completed 200 OK in 9ms (Views: 5.7ms | ActiveRecord: 0.1ms (1 query, 0 cached) | GC: 0.5ms)


Started DELETE "/books/4" for ::1 at 2024-09-01 16:56:44 +0900
Processing by BooksController#destroy as TURBO_STREAM
  Parameters: {"authenticity_token"=>"[FILTERED]", "id"=>"4"}
  [1m[36mBook Load (0.2ms)[0m  [1m[34mSELECT "books".* FROM "books" WHERE "books"."id" = ? LIMIT ?[0m  [["id", 4], ["LIMIT", 1]]
  â†³ app/controllers/books_controller.rb:63:in `set_book'
  [1m[36mTRANSACTION (0.0ms)[0m  [1m[36mbegin transaction[0m
  â†³ app/controllers/books_controller.rb:52:in `destroy'
  [1m[36mBook Destroy (0.8ms)[0m  [1m[31mDELETE FROM "books" WHERE "books"."id" = ?[0m  [["id", 4]]
  â†³ app/controllers/books_controller.rb:52:in `destroy'
  [1m[36mTRANSACTION (0.4ms)[0m  [1m[36mcommit transaction[0m
  â†³ app/controllers/books_controller.rb:52:in `destroy'
Redirected to http://localhost:3000/books
Completed 302 Found in 18ms (ActiveRecord: 1.5ms (2 queries, 0 cached) | GC: 0.2ms)


Started GET "/books" for ::1 at 2024-09-01 16:56:44 +0900
Processing by BooksController#index as TURBO_STREAM
  Rendering layout layouts/application.html.erb
  Rendering books/index.html.erb within layouts/application
  [1m[36mBook Load (0.0ms)[0m  [1m[34mSELECT "books".* FROM "books"[0m
  â†³ app/views/books/index.html.erb:8
  Rendered books/_book.html.erb (Duration: 0.1ms | GC: 0.0ms)
  Rendered books/_book.html.erb (Duration: 0.1ms | GC: 0.0ms)
  Rendered books/index.html.erb within layouts/application (Duration: 7.1ms | GC: 0.2ms)
  Rendered layout layouts/application.html.erb (Duration: 9.8ms | GC: 0.2ms)
Completed 200 OK in 13ms (Views: 11.0ms | ActiveRecord: 0.0ms (1 query, 0 cached) | GC: 0.2ms)


Started GET "/books/5" for ::1 at 2024-09-01 16:56:45 +0900
Processing by BooksController#show as HTML
  Parameters: {"id"=>"5"}
  [1m[36mBook Load (0.1ms)[0m  [1m[34mSELECT "books".* FROM "books" WHERE "books"."id" = ? LIMIT ?[0m  [["id", 5], ["LIMIT", 1]]
  â†³ app/controllers/books_controller.rb:63:in `set_book'
  Rendering layout layouts/application.html.erb
  Rendering books/show.html.erb within layouts/application
  Rendered books/_book.html.erb (Duration: 0.0ms | GC: 0.0ms)
  Rendered books/show.html.erb within layouts/application (Duration: 1.6ms | GC: 0.0ms)
  Rendered layout layouts/application.html.erb (Duration: 2.7ms | GC: 0.0ms)
Completed 200 OK in 8ms (Views: 3.8ms | ActiveRecord: 0.0ms (1 query, 0 cached) | GC: 0.2ms)


Started DELETE "/books/5" for ::1 at 2024-09-01 16:56:46 +0900
Processing by BooksController#destroy as TURBO_STREAM
  Parameters: {"authenticity_token"=>"[FILTERED]", "id"=>"5"}
  [1m[36mBook Load (0.1ms)[0m  [1m[34mSELECT "books".* FROM "books" WHERE "books"."id" = ? LIMIT ?[0m  [["id", 5], ["LIMIT", 1]]
  â†³ app/controllers/books_controller.rb:63:in `set_book'
  [1m[36mTRANSACTION (0.0ms)[0m  [1m[36mbegin transaction[0m
  â†³ app/controllers/books_controller.rb:52:in `destroy'
  [1m[36mBook Destroy (0.8ms)[0m  [1m[31mDELETE FROM "books" WHERE "books"."id" = ?[0m  [["id", 5]]
  â†³ app/controllers/books_controller.rb:52:in `destroy'
  [1m[36mTRANSACTION (0.1ms)[0m  [1m[36mcommit transaction[0m
  â†³ app/controllers/books_controller.rb:52:in `destroy'
Redirected to http://localhost:3000/books
Completed 302 Found in 10ms (ActiveRecord: 1.0ms (2 queries, 0 cached) | GC: 0.3ms)


Started GET "/books" for ::1 at 2024-09-01 16:56:46 +0900
Processing by BooksController#index as TURBO_STREAM
  Rendering layout layouts/application.html.erb
  Rendering books/index.html.erb within layouts/application
  [1m[36mBook Load (0.1ms)[0m  [1m[34mSELECT "books".* FROM "books"[0m
  â†³ app/views/books/index.html.erb:8
  Rendered books/_book.html.erb (Duration: 0.0ms | GC: 0.0ms)
  Rendered books/index.html.erb within layouts/application (Duration: 11.1ms | GC: 3.1ms)
  Rendered layout layouts/application.html.erb (Duration: 14.5ms | GC: 5.5ms)
Completed 200 OK in 19ms (Views: 15.4ms | ActiveRecord: 0.0ms (1 query, 0 cached) | GC: 6.5ms)


Started GET "/books/6" for ::1 at 2024-09-01 16:56:46 +0900
Processing by BooksController#show as HTML
  Parameters: {"id"=>"6"}
  [1m[36mBook Load (0.8ms)[0m  [1m[34mSELECT "books".* FROM "books" WHERE "books"."id" = ? LIMIT ?[0m  [["id", 6], ["LIMIT", 1]]
  â†³ app/controllers/books_controller.rb:63:in `set_book'
  Rendering layout layouts/application.html.erb
  Rendering books/show.html.erb within layouts/application
  Rendered books/_book.html.erb (Duration: 1.3ms | GC: 0.0ms)
  Rendered books/show.html.erb within layouts/application (Duration: 3.9ms | GC: 0.6ms)
  Rendered layout layouts/application.html.erb (Duration: 7.6ms | GC: 1.4ms)
Completed 200 OK in 16ms (Views: 9.4ms | ActiveRecord: 0.1ms (1 query, 0 cached) | GC: 5.8ms)


Started GET "/books/6" for ::1 at 2024-09-01 16:56:47 +0900
Processing by BooksController#show as HTML
  Parameters: {"id"=>"6"}
  [1m[36mBook Load (0.1ms)[0m  [1m[34mSELECT "books".* FROM "books" WHERE "books"."id" = ? LIMIT ?[0m  [["id", 6], ["LIMIT", 1]]
  â†³ app/controllers/books_controller.rb:63:in `set_book'
  Rendering layout layouts/application.html.erb
  Rendering books/show.html.erb within layouts/application
  Rendered books/_book.html.erb (Duration: 0.3ms | GC: 0.0ms)
  Rendered books/show.html.erb within layouts/application (Duration: 12.1ms | GC: 0.9ms)
  Rendered layout layouts/application.html.erb (Duration: 14.3ms | GC: 2.1ms)
Completed 200 OK in 21ms (Views: 15.6ms | ActiveRecord: 0.1ms (1 query, 0 cached) | GC: 5.5ms)


Started DELETE "/books/6" for ::1 at 2024-09-01 16:56:48 +0900
Processing by BooksController#destroy as TURBO_STREAM
  Parameters: {"authenticity_token"=>"[FILTERED]", "id"=>"6"}
  [1m[36mBook Load (0.1ms)[0m  [1m[34mSELECT "books".* FROM "books" WHERE "books"."id" = ? LIMIT ?[0m  [["id", 6], ["LIMIT", 1]]
  â†³ app/controllers/books_controller.rb:63:in `set_book'
  [1m[36mTRANSACTION (0.2ms)[0m  [1m[36mbegin transaction[0m
  â†³ app/controllers/books_controller.rb:52:in `destroy'
  [1m[36mBook Destroy (2.0ms)[0m  [1m[31mDELETE FROM "books" WHERE "books"."id" = ?[0m  [["id", 6]]
  â†³ app/controllers/books_controller.rb:52:in `destroy'
  [1m[36mTRANSACTION (0.1ms)[0m  [1m[36mcommit transaction[0m
  â†³ app/controllers/books_controller.rb:52:in `destroy'
Redirected to http://localhost:3000/books
Completed 302 Found in 13ms (ActiveRecord: 2.3ms (2 queries, 0 cached) | GC: 0.0ms)


Started GET "/books" for ::1 at 2024-09-01 16:56:48 +0900
Processing by BooksController#index as TURBO_STREAM
  Rendering layout layouts/application.html.erb
  Rendering books/index.html.erb within layouts/application
  [1m[36mBook Load (0.0ms)[0m  [1m[34mSELECT "books".* FROM "books"[0m
  â†³ app/views/books/index.html.erb:8
  Rendered books/index.html.erb within layouts/application (Duration: 3.3ms | GC: 0.0ms)
  Rendered layout layouts/application.html.erb (Duration: 4.6ms | GC: 0.0ms)
Completed 200 OK in 8ms (Views: 6.9ms | ActiveRecord: 0.0ms (1 query, 0 cached) | GC: 0.0ms)


Started GET "/books/new" for ::1 at 2024-09-01 16:56:49 +0900
Processing by BooksController#new as HTML
  Rendering layout layouts/application.html.erb
  Rendering books/new.html.erb within layouts/application
  Rendered books/_form.html.erb (Duration: 11.1ms | GC: 0.1ms)
  Rendered books/new.html.erb within layouts/application (Duration: 13.1ms | GC: 0.1ms)
  Rendered layout layouts/application.html.erb (Duration: 13.9ms | GC: 0.1ms)
Completed 200 OK in 17ms (Views: 14.4ms | ActiveRecord: 0.0ms (0 queries, 0 cached) | GC: 0.1ms)


Started GET "/books" for ::1 at 2024-09-01 16:56:51 +0900
Processing by BooksController#index as HTML
  Rendering layout layouts/application.html.erb
  Rendering books/index.html.erb within layouts/application
  [1m[36mBook Load (0.4ms)[0m  [1m[34mSELECT "books".* FROM "books"[0m
  â†³ app/views/books/index.html.erb:8
  Rendered books/index.html.erb within layouts/application (Duration: 4.4ms | GC: 0.0ms)
  Rendered layout layouts/application.html.erb (Duration: 7.9ms | GC: 0.1ms)
Completed 200 OK in 9ms (Views: 8.4ms | ActiveRecord: 0.4ms (1 query, 0 cached) | GC: 0.1ms)


Started GET "/books/new" for ::1 at 2024-09-01 16:56:53 +0900
Processing by BooksController#new as HTML
  Rendering layout layouts/application.html.erb
  Rendering books/new.html.erb within layouts/application
  Rendered books/_form.html.erb (Duration: 9.7ms | GC: 0.2ms)
  Rendered books/new.html.erb within layouts/application (Duration: 10.0ms | GC: 0.2ms)
  Rendered layout layouts/application.html.erb (Duration: 11.2ms | GC: 0.3ms)
Completed 200 OK in 15ms (Views: 13.9ms | ActiveRecord: 0.0ms (0 queries, 0 cached) | GC: 0.3ms)


Started POST "/books" for ::1 at 2024-09-01 16:57:24 +0900
Processing by BooksController#create as TURBO_STREAM
  Parameters: {"authenticity_token"=>"[FILTERED]", "book"=>{"title"=>"å¤¢æ°´æ¸…å¿—éƒŽ", "memo"=>"ãŠã‚‚ã—ã‚ã„", "author"=>"ã¯ã‚„ã¿ã­ã‹ãŠã‚‹"}, "commit"=>"Create Book"}
  [1m[36mTRANSACTION (0.0ms)[0m  [1m[36mbegin transaction[0m
  â†³ app/controllers/books_controller.rb:27:in `block in create'
  [1m[36mBook Create (1.0ms)[0m  [1m[32mINSERT INTO "books" ("title", "memo", "created_at", "updated_at", "author") VALUES (?, ?, ?, ?, ?) RETURNING "id"[0m  [["title", "å¤¢æ°´æ¸…å¿—éƒŽ"], ["memo", "ãŠã‚‚ã—ã‚ã„"], ["created_at", "2024-09-01 07:57:24.528411"], ["updated_at", "2024-09-01 07:57:24.528411"], ["author", "ã¯ã‚„ã¿ã­ã‹ãŠã‚‹"]]
  â†³ app/controllers/books_controller.rb:27:in `block in create'
  [1m[36mTRANSACTION (0.1ms)[0m  [1m[36mcommit transaction[0m
  â†³ app/controllers/books_controller.rb:27:in `block in create'
Redirected to http://localhost:3000/books/7
Completed 302 Found in 15ms (ActiveRecord: 1.1ms (1 query, 0 cached) | GC: 0.0ms)


Started GET "/books/7" for ::1 at 2024-09-01 16:57:24 +0900
Processing by BooksController#show as TURBO_STREAM
  Parameters: {"id"=>"7"}
  [1m[36mBook Load (0.1ms)[0m  [1m[34mSELECT "books".* FROM "books" WHERE "books"."id" = ? LIMIT ?[0m  [["id", 7], ["LIMIT", 1]]
  â†³ app/controllers/books_controller.rb:63:in `set_book'
  Rendering layout layouts/application.html.erb
  Rendering books/show.html.erb within layouts/application
  Rendered books/_book.html.erb (Duration: 0.0ms | GC: 0.0ms)
  Rendered books/show.html.erb within layouts/application (Duration: 3.5ms | GC: 0.0ms)
  Rendered layout layouts/application.html.erb (Duration: 5.4ms | GC: 0.0ms)
Completed 200 OK in 8ms (Views: 5.6ms | ActiveRecord: 0.1ms (1 query, 0 cached) | GC: 0.0ms)


Started GET "/books/7/edit" for ::1 at 2024-09-01 16:57:26 +0900
Processing by BooksController#edit as HTML
  Parameters: {"id"=>"7"}
  [1m[36mBook Load (0.3ms)[0m  [1m[34mSELECT "books".* FROM "books" WHERE "books"."id" = ? LIMIT ?[0m  [["id", 7], ["LIMIT", 1]]
  â†³ app/controllers/books_controller.rb:63:in `set_book'
  Rendering layout layouts/application.html.erb
  Rendering books/edit.html.erb within layouts/application
  Rendered books/_form.html.erb (Duration: 2.4ms | GC: 0.0ms)
  Rendered books/edit.html.erb within layouts/application (Duration: 3.0ms | GC: 0.0ms)
  Rendered layout layouts/application.html.erb (Duration: 5.5ms | GC: 0.0ms)
Completed 200 OK in 13ms (Views: 7.2ms | ActiveRecord: 0.3ms (1 query, 0 cached) | GC: 0.0ms)


Started GET "/books/7/edit" for ::1 at 2024-09-01 16:57:27 +0900
Processing by BooksController#edit as HTML
  Parameters: {"id"=>"7"}
  [1m[36mBook Load (0.0ms)[0m  [1m[34mSELECT "books".* FROM "books" WHERE "books"."id" = ? LIMIT ?[0m  [["id", 7], ["LIMIT", 1]]
  â†³ app/controllers/books_controller.rb:63:in `set_book'
  Rendering layout layouts/application.html.erb
  Rendering books/edit.html.erb within layouts/application
  Rendered books/_form.html.erb (Duration: 2.0ms | GC: 0.0ms)
  Rendered books/edit.html.erb within layouts/application (Duration: 2.2ms | GC: 0.0ms)
  Rendered layout layouts/application.html.erb (Duration: 7.2ms | GC: 0.0ms)
Completed 200 OK in 10ms (Views: 7.6ms | ActiveRecord: 0.0ms (1 query, 0 cached) | GC: 0.0ms)


Started PATCH "/books/7" for ::1 at 2024-09-01 16:57:33 +0900
Processing by BooksController#update as TURBO_STREAM
  Parameters: {"authenticity_token"=>"[FILTERED]", "book"=>{"title"=>"å¤¢æ°´æ¸…å¿—éƒŽ", "memo"=>"ãŠã‚‚ã—ã‚ã„ã€‚", "author"=>"ã¯ã‚„ã¿ã­ã‹ãŠã‚‹"}, "commit"=>"Update Book", "id"=>"7"}
  [1m[36mBook Load (0.1ms)[0m  [1m[34mSELECT "books".* FROM "books" WHERE "books"."id" = ? LIMIT ?[0m  [["id", 7], ["LIMIT", 1]]
  â†³ app/controllers/books_controller.rb:63:in `set_book'
  [1m[36mTRANSACTION (0.1ms)[0m  [1m[36mbegin transaction[0m
  â†³ app/controllers/books_controller.rb:40:in `block in update'
  [1m[36mBook Update (0.8ms)[0m  [1m[33mUPDATE "books" SET "memo" = ?, "updated_at" = ? WHERE "books"."id" = ?[0m  [["memo", "ãŠã‚‚ã—ã‚ã„ã€‚"], ["updated_at", "2024-09-01 07:57:33.116271"], ["id", 7]]
  â†³ app/controllers/books_controller.rb:40:in `block in update'
  [1m[36mTRANSACTION (0.2ms)[0m  [1m[36mcommit transaction[0m
  â†³ app/controllers/books_controller.rb:40:in `block in update'
Redirected to http://localhost:3000/books/7
Completed 302 Found in 16ms (ActiveRecord: 1.1ms (2 queries, 0 cached) | GC: 0.0ms)


Started GET "/books/7" for ::1 at 2024-09-01 16:57:33 +0900
Processing by BooksController#show as TURBO_STREAM
  Parameters: {"id"=>"7"}
  [1m[36mBook Load (0.0ms)[0m  [1m[34mSELECT "books".* FROM "books" WHERE "books"."id" = ? LIMIT ?[0m  [["id", 7], ["LIMIT", 1]]
  â†³ app/controllers/books_controller.rb:63:in `set_book'
  Rendering layout layouts/application.html.erb
  Rendering books/show.html.erb within layouts/application
  Rendered books/_book.html.erb (Duration: 0.0ms | GC: 0.0ms)
  Rendered books/show.html.erb within layouts/application (Duration: 1.3ms | GC: 0.0ms)
  Rendered layout layouts/application.html.erb (Duration: 2.0ms | GC: 0.0ms)
Completed 200 OK in 3ms (Views: 2.3ms | ActiveRecord: 0.0ms (1 query, 0 cached) | GC: 0.0ms)


Started GET "/books" for ::1 at 2024-09-01 16:57:41 +0900
Processing by BooksController#index as HTML
  Rendering layout layouts/application.html.erb
  Rendering books/index.html.erb within layouts/application
  [1m[36mBook Load (0.1ms)[0m  [1m[34mSELECT "books".* FROM "books"[0m
  â†³ app/views/books/index.html.erb:8
  Rendered books/_book.html.erb (Duration: 0.3ms | GC: 0.0ms)
  Rendered books/index.html.erb within layouts/application (Duration: 2.6ms | GC: 0.0ms)
  Rendered layout layouts/application.html.erb (Duration: 5.6ms | GC: 0.0ms)
Completed 200 OK in 7ms (Views: 5.9ms | ActiveRecord: 0.1ms (1 query, 0 cached) | GC: 0.0ms)


  [1m[36mActiveRecord::InternalMetadata Load (0.7ms)[0m  [1m[34mSELECT * FROM "ar_internal_metadata" WHERE "ar_internal_metadata"."key" = ? ORDER BY "ar_internal_metadata"."key" ASC LIMIT 1[0m  [[nil, "environment"]]
  [1m[36mActiveRecord::SchemaMigration Load (0.1ms)[0m  [1m[34mSELECT "schema_migrations"."version" FROM "schema_migrations" ORDER BY "schema_migrations"."version" ASC[0m
Migrating to AddPctureToBooks (20240901080324)
  [1m[36mTRANSACTION (0.1ms)[0m  [1m[36mbegin transaction[0m
  [1m[35m (4.1ms)[0m  [1m[35mALTER TABLE "books" ADD "picture" varchar[0m
  [1m[36mActiveRecord::SchemaMigration Create (0.1ms)[0m  [1m[32mINSERT INTO "schema_migrations" ("version") VALUES ('20240901080324') RETURNING "version"[0m
  [1m[36mTRANSACTION (5.3ms)[0m  [1m[36mcommit transaction[0m
  [1m[36mActiveRecord::SchemaMigration Load (0.0ms)[0m  [1m[34mSELECT "schema_migrations"."version" FROM "schema_migrations" ORDER BY "schema_migrations"."version" ASC[0m
Started GET "/books" for ::1 at 2024-09-01 17:09:19 +0900
  [1m[36mActiveRecord::SchemaMigration Load (0.7ms)[0m  [1m[34mSELECT "schema_migrations"."version" FROM "schema_migrations" ORDER BY "schema_migrations"."version" ASC[0m
Processing by BooksController#index as HTML
  Rendering layout layouts/application.html.erb
  Rendering books/index.html.erb within layouts/application
  [1m[36mBook Load (1.5ms)[0m  [1m[34mSELECT "books".* FROM "books"[0m
  â†³ app/views/books/index.html.erb:8
  Rendered books/_book.html.erb (Duration: 0.3ms | GC: 0.0ms)
  Rendered books/index.html.erb within layouts/application (Duration: 26.3ms | GC: 0.0ms)
  Rendered layout layouts/application.html.erb (Duration: 144.9ms | GC: 10.7ms)
Completed 200 OK in 188ms (Views: 147.9ms | ActiveRecord: 2.2ms (1 query, 0 cached) | GC: 10.7ms)


Started GET "/manifest.json" for ::1 at 2024-09-01 17:09:20 +0900
Processing by Rails::PwaController#manifest as JSON
  Rendering pwa/manifest.json.erb
  Rendered pwa/manifest.json.erb (Duration: 0.8ms | GC: 0.0ms)
Completed 200 OK in 5ms (Views: 4.2ms | ActiveRecord: 0.0ms (0 queries, 0 cached) | GC: 0.2ms)


Started GET "/books/7" for ::1 at 2024-09-01 17:09:21 +0900
Processing by BooksController#show as HTML
  Parameters: {"id"=>"7"}
  [1m[36mBook Load (5.1ms)[0m  [1m[34mSELECT "books".* FROM "books" WHERE "books"."id" = ? LIMIT ?[0m  [["id", 7], ["LIMIT", 1]]
  â†³ app/controllers/books_controller.rb:63:in `set_book'
  Rendering layout layouts/application.html.erb
  Rendering books/show.html.erb within layouts/application
  Rendered books/_book.html.erb (Duration: 0.1ms | GC: 0.0ms)
  Rendered books/show.html.erb within layouts/application (Duration: 3.4ms | GC: 0.0ms)
  Rendered layout layouts/application.html.erb (Duration: 7.3ms | GC: 0.0ms)
Completed 200 OK in 33ms (Views: 8.9ms | ActiveRecord: 5.0ms (1 query, 0 cached) | GC: 0.0ms)


Started GET "/books/new" for ::1 at 2024-09-01 17:09:22 +0900
Processing by BooksController#new as HTML
  Rendering layout layouts/application.html.erb
  Rendering books/new.html.erb within layouts/application
  Rendered books/_form.html.erb (Duration: 14.7ms | GC: 0.2ms)
  Rendered books/new.html.erb within layouts/application (Duration: 16.5ms | GC: 0.3ms)
  Rendered layout layouts/application.html.erb (Duration: 18.2ms | GC: 0.3ms)
Completed 200 OK in 32ms (Views: 19.3ms | ActiveRecord: 0.0ms (0 queries, 0 cached) | GC: 0.3ms)


Started GET "/books/7" for ::1 at 2024-09-01 17:09:23 +0900
Processing by BooksController#show as HTML
  Parameters: {"id"=>"7"}
  [1m[36mBook Load (0.6ms)[0m  [1m[34mSELECT "books".* FROM "books" WHERE "books"."id" = ? LIMIT ?[0m  [["id", 7], ["LIMIT", 1]]
  â†³ app/controllers/books_controller.rb:63:in `set_book'
  Rendering layout layouts/application.html.erb
  Rendering books/show.html.erb within layouts/application
  Rendered books/_book.html.erb (Duration: 0.3ms | GC: 0.0ms)
  Rendered books/show.html.erb within layouts/application (Duration: 2.8ms | GC: 0.8ms)
  Rendered layout layouts/application.html.erb (Duration: 5.2ms | GC: 1.8ms)
Completed 200 OK in 13ms (Views: 7.1ms | ActiveRecord: 0.5ms (1 query, 0 cached) | GC: 4.4ms)


Started GET "/books/7" for ::1 at 2024-09-01 17:09:24 +0900
Processing by BooksController#show as HTML
  Parameters: {"id"=>"7"}
  [1m[36mBook Load (0.1ms)[0m  [1m[34mSELECT "books".* FROM "books" WHERE "books"."id" = ? LIMIT ?[0m  [["id", 7], ["LIMIT", 1]]
  â†³ app/controllers/books_controller.rb:63:in `set_book'
  Rendering layout layouts/application.html.erb
  Rendering books/show.html.erb within layouts/application
  Rendered books/_book.html.erb (Duration: 0.2ms | GC: 0.0ms)
  Rendered books/show.html.erb within layouts/application (Duration: 2.2ms | GC: 0.7ms)
  Rendered layout layouts/application.html.erb (Duration: 7.4ms | GC: 3.5ms)
Completed 200 OK in 12ms (Views: 8.3ms | ActiveRecord: 0.0ms (1 query, 0 cached) | GC: 4.6ms)


Started DELETE "/books/7" for ::1 at 2024-09-01 17:09:30 +0900
Processing by BooksController#destroy as TURBO_STREAM
  Parameters: {"authenticity_token"=>"[FILTERED]", "id"=>"7"}
  [1m[36mBook Load (0.1ms)[0m  [1m[34mSELECT "books".* FROM "books" WHERE "books"."id" = ? LIMIT ?[0m  [["id", 7], ["LIMIT", 1]]
  â†³ app/controllers/books_controller.rb:63:in `set_book'
  [1m[36mTRANSACTION (1.4ms)[0m  [1m[36mbegin transaction[0m
  â†³ app/controllers/books_controller.rb:52:in `destroy'
  [1m[36mBook Destroy (4.6ms)[0m  [1m[31mDELETE FROM "books" WHERE "books"."id" = ?[0m  [["id", 7]]
  â†³ app/controllers/books_controller.rb:52:in `destroy'
  [1m[36mTRANSACTION (4.6ms)[0m  [1m[36mcommit transaction[0m
  â†³ app/controllers/books_controller.rb:52:in `destroy'
Redirected to http://localhost:3000/books
Completed 302 Found in 40ms (ActiveRecord: 10.6ms (2 queries, 0 cached) | GC: 9.5ms)


Started GET "/books" for ::1 at 2024-09-01 17:09:30 +0900
Processing by BooksController#index as TURBO_STREAM
  Rendering layout layouts/application.html.erb
  Rendering books/index.html.erb within layouts/application
  [1m[36mBook Load (0.2ms)[0m  [1m[34mSELECT "books".* FROM "books"[0m
  â†³ app/views/books/index.html.erb:8
  Rendered books/index.html.erb within layouts/application (Duration: 2.9ms | GC: 0.0ms)
  Rendered layout layouts/application.html.erb (Duration: 4.6ms | GC: 0.0ms)
Completed 200 OK in 8ms (Views: 5.9ms | ActiveRecord: 0.3ms (1 query, 0 cached) | GC: 0.0ms)


Started GET "/books/new" for ::1 at 2024-09-01 17:09:30 +0900
Processing by BooksController#new as HTML
  Rendering layout layouts/application.html.erb
  Rendering books/new.html.erb within layouts/application
  Rendered books/_form.html.erb (Duration: 12.3ms | GC: 0.0ms)
  Rendered books/new.html.erb within layouts/application (Duration: 13.2ms | GC: 0.0ms)
  Rendered layout layouts/application.html.erb (Duration: 14.2ms | GC: 0.0ms)
Completed 200 OK in 18ms (Views: 15.3ms | ActiveRecord: 0.0ms (0 queries, 0 cached) | GC: 0.0ms)


Started POST "/books" for ::1 at 2024-09-01 17:09:56 +0900
Processing by BooksController#create as TURBO_STREAM
  Parameters: {"authenticity_token"=>"[FILTERED]", "book"=>{"title"=>"å¤¢æ°´æ¸…å¿—éƒŽ", "memo"=>"ãŠã‚‚ã—ã‚ã„", "author"=>"ã¯ã‚„ã¿ã­ã‹ãŠã‚‹", "picture"=>#<ActionDispatch::Http::UploadedFile:0x00007fd6a82f23b8 @tempfile=#<Tempfile:/tmp/RackMultipart20240901-13606-yn9b90.png>, @content_type="image/png", @original_filename="IMG_2437.png", @headers="Content-Disposition: form-data; name=\"book[picture]\"; filename=\"IMG_2437.png\"\r\nContent-Type: image/png\r\n">}, "commit"=>"Create Book"}
  [1m[36mTRANSACTION (0.1ms)[0m  [1m[36mbegin transaction[0m
  â†³ app/controllers/books_controller.rb:27:in `block in create'
  [1m[36mBook Create (1.0ms)[0m  [1m[32mINSERT INTO "books" ("title", "memo", "created_at", "updated_at", "author", "picture") VALUES (?, ?, ?, ?, ?, ?) RETURNING "id"[0m  [["title", "å¤¢æ°´æ¸…å¿—éƒŽ"], ["memo", "ãŠã‚‚ã—ã‚ã„"], ["created_at", "2024-09-01 08:09:56.279445"], ["updated_at", "2024-09-01 08:09:56.279445"], ["author", "ã¯ã‚„ã¿ã­ã‹ãŠã‚‹"], ["picture", "IMG_2437.png"]]
  â†³ app/controllers/books_controller.rb:27:in `block in create'
  [1m[36mTRANSACTION (0.4ms)[0m  [1m[36mcommit transaction[0m
  â†³ app/controllers/books_controller.rb:27:in `block in create'
Redirected to http://localhost:3000/books/8
Completed 302 Found in 26ms (ActiveRecord: 1.5ms (1 query, 0 cached) | GC: 0.3ms)


Started GET "/books/8" for ::1 at 2024-09-01 17:09:56 +0900
Processing by BooksController#show as TURBO_STREAM
  Parameters: {"id"=>"8"}
  [1m[36mBook Load (0.0ms)[0m  [1m[34mSELECT "books".* FROM "books" WHERE "books"."id" = ? LIMIT ?[0m  [["id", 8], ["LIMIT", 1]]
  â†³ app/controllers/books_controller.rb:63:in `set_book'
  Rendering layout layouts/application.html.erb
  Rendering books/show.html.erb within layouts/application
  Rendered books/_book.html.erb (Duration: 0.7ms | GC: 0.0ms)
  Rendered books/show.html.erb within layouts/application (Duration: 3.5ms | GC: 0.2ms)
  Rendered layout layouts/application.html.erb (Duration: 6.1ms | GC: 0.2ms)
Completed 200 OK in 9ms (Views: 6.8ms | ActiveRecord: 0.0ms (1 query, 0 cached) | GC: 0.2ms)


Started GET "/books/8" for ::1 at 2024-09-01 17:13:56 +0900
  [1m[36mActiveRecord::SchemaMigration Load (0.6ms)[0m  [1m[34mSELECT "schema_migrations"."version" FROM "schema_migrations" ORDER BY "schema_migrations"."version" ASC[0m
Processing by BooksController#show as HTML
  Parameters: {"id"=>"8"}
  [1m[36mBook Load (0.7ms)[0m  [1m[34mSELECT "books".* FROM "books" WHERE "books"."id" = ? LIMIT ?[0m  [["id", 8], ["LIMIT", 1]]
  â†³ app/controllers/books_controller.rb:63:in `set_book'
  Rendering layout layouts/application.html.erb
  Rendering books/show.html.erb within layouts/application
  Rendered books/_book.html.erb (Duration: 0.7ms | GC: 0.0ms)
  Rendered books/show.html.erb within layouts/application (Duration: 9.3ms | GC: 0.0ms)
  Rendered layout layouts/application.html.erb (Duration: 130.1ms | GC: 12.6ms)
Completed 200 OK in 183ms (Views: 133.6ms | ActiveRecord: 1.9ms (1 query, 0 cached) | GC: 12.6ms)


Started GET "/manifest.json" for ::1 at 2024-09-01 17:13:57 +0900
Processing by Rails::PwaController#manifest as JSON
  Rendering pwa/manifest.json.erb
  Rendered pwa/manifest.json.erb (Duration: 2.3ms | GC: 0.0ms)
Completed 200 OK in 6ms (Views: 5.0ms | ActiveRecord: 0.0ms (0 queries, 0 cached) | GC: 0.0ms)


Started GET "/books" for ::1 at 2024-09-01 17:14:01 +0900
Processing by BooksController#index as HTML
  Rendering layout layouts/application.html.erb
  Rendering books/index.html.erb within layouts/application
  [1m[36mBook Load (0.3ms)[0m  [1m[34mSELECT "books".* FROM "books"[0m
  â†³ app/views/books/index.html.erb:8
  Rendered books/_book.html.erb (Duration: 0.6ms | GC: 0.0ms)
  Rendered books/index.html.erb within layouts/application (Duration: 11.7ms | GC: 2.2ms)
  Rendered layout layouts/application.html.erb (Duration: 18.4ms | GC: 4.2ms)
Completed 200 OK in 31ms (Views: 19.4ms | ActiveRecord: 0.2ms (1 query, 0 cached) | GC: 5.8ms)


Started DELETE "/books/8" for ::1 at 2024-09-01 17:14:02 +0900
Processing by BooksController#destroy as TURBO_STREAM
  Parameters: {"authenticity_token"=>"[FILTERED]", "id"=>"8"}
  [1m[36mBook Load (2.9ms)[0m  [1m[34mSELECT "books".* FROM "books" WHERE "books"."id" = ? LIMIT ?[0m  [["id", 8], ["LIMIT", 1]]
  â†³ app/controllers/books_controller.rb:63:in `set_book'
  [1m[36mTRANSACTION (1.5ms)[0m  [1m[36mbegin transaction[0m
  â†³ app/controllers/books_controller.rb:52:in `destroy'
  [1m[36mBook Destroy (4.7ms)[0m  [1m[31mDELETE FROM "books" WHERE "books"."id" = ?[0m  [["id", 8]]
  â†³ app/controllers/books_controller.rb:52:in `destroy'
  [1m[36mTRANSACTION (6.4ms)[0m  [1m[36mcommit transaction[0m
  â†³ app/controllers/books_controller.rb:52:in `destroy'
Redirected to http://localhost:3000/books
Completed 302 Found in 39ms (ActiveRecord: 15.3ms (2 queries, 0 cached) | GC: 9.3ms)


Started GET "/books" for ::1 at 2024-09-01 17:14:02 +0900
Processing by BooksController#index as TURBO_STREAM
  Rendering layout layouts/application.html.erb
  Rendering books/index.html.erb within layouts/application
  [1m[36mBook Load (0.0ms)[0m  [1m[34mSELECT "books".* FROM "books"[0m
  â†³ app/views/books/index.html.erb:8
  Rendered books/index.html.erb within layouts/application (Duration: 3.8ms | GC: 1.3ms)
  Rendered layout layouts/application.html.erb (Duration: 6.6ms | GC: 1.3ms)
Completed 200 OK in 9ms (Views: 7.9ms | ActiveRecord: 0.0ms (1 query, 0 cached) | GC: 1.9ms)


Started GET "/books/new" for ::1 at 2024-09-01 17:14:03 +0900
Processing by BooksController#new as HTML
  Rendering layout layouts/application.html.erb
  Rendering books/new.html.erb within layouts/application
  Rendered books/_form.html.erb (Duration: 14.3ms | GC: 0.0ms)
  Rendered books/new.html.erb within layouts/application (Duration: 17.7ms | GC: 0.8ms)
  Rendered layout layouts/application.html.erb (Duration: 19.7ms | GC: 0.9ms)
Completed 200 OK in 35ms (Views: 22.5ms | ActiveRecord: 0.0ms (0 queries, 0 cached) | GC: 0.9ms)


Started GET "/books" for ::1 at 2024-09-01 17:27:08 +0900
  [1m[36mActiveRecord::SchemaMigration Load (0.6ms)[0m  [1m[34mSELECT "schema_migrations"."version" FROM "schema_migrations" ORDER BY "schema_migrations"."version" ASC[0m
Processing by BooksController#index as HTML
  Rendering layout layouts/application.html.erb
  Rendering books/index.html.erb within layouts/application
  [1m[36mBook Load (1.1ms)[0m  [1m[34mSELECT "books".* FROM "books"[0m
  â†³ app/views/books/index.html.erb:8
  Rendered books/index.html.erb within layouts/application (Duration: 8.3ms | GC: 0.0ms)
  Rendered layout layouts/application.html.erb (Duration: 161.2ms | GC: 14.2ms)
Completed 200 OK in 201ms (Views: 164.5ms | ActiveRecord: 1.1ms (1 query, 0 cached) | GC: 14.2ms)


Started GET "/manifest.json" for ::1 at 2024-09-01 17:27:08 +0900
Processing by Rails::PwaController#manifest as JSON
  Rendering pwa/manifest.json.erb
  Rendered pwa/manifest.json.erb (Duration: 1.7ms | GC: 0.0ms)
Completed 200 OK in 5ms (Views: 4.0ms | ActiveRecord: 0.0ms (0 queries, 0 cached) | GC: 0.0ms)


Started GET "/books/new" for ::1 at 2024-09-01 17:27:11 +0900
Processing by BooksController#new as HTML
  Rendering layout layouts/application.html.erb
  Rendering books/new.html.erb within layouts/application
  Rendered books/_form.html.erb (Duration: 11.0ms | GC: 0.0ms)
  Rendered books/new.html.erb within layouts/application (Duration: 14.0ms | GC: 0.0ms)
  Rendered layout layouts/application.html.erb (Duration: 17.7ms | GC: 0.0ms)
Completed 200 OK in 44ms (Views: 18.5ms | ActiveRecord: 0.9ms (0 queries, 0 cached) | GC: 0.0ms)


Started POST "/books" for ::1 at 2024-09-01 17:27:46 +0900
Processing by BooksController#create as TURBO_STREAM
  Parameters: {"authenticity_token"=>"[FILTERED]", "book"=>{"title"=>"å¤¢æ°´æ¸…å¿—éƒŽ", "memo"=>"ãŠã‚‚ã—ã‚ã„ã€‚", "author"=>"ã¯ã‚„ã¿ã­ã‹ãŠã‚‹", "picture"=>#<ActionDispatch::Http::UploadedFile:0x00007f3f36ccf5c0 @tempfile=#<Tempfile:/tmp/RackMultipart20240901-17705-icrw12.jpg>, @content_type="image/jpeg", @original_filename="IMG_2294.jpg", @headers="Content-Disposition: form-data; name=\"book[picture]\"; filename=\"IMG_2294.jpg\"\r\nContent-Type: image/jpeg\r\n">}, "commit"=>"Create Book"}
  [1m[36mTRANSACTION (2.3ms)[0m  [1m[36mbegin transaction[0m
  â†³ app/controllers/books_controller.rb:27:in `block in create'
  [1m[36mBook Create (6.5ms)[0m  [1m[32mINSERT INTO "books" ("title", "memo", "created_at", "updated_at", "author", "picture") VALUES (?, ?, ?, ?, ?, ?) RETURNING "id"[0m  [["title", "å¤¢æ°´æ¸…å¿—éƒŽ"], ["memo", "ãŠã‚‚ã—ã‚ã„ã€‚"], ["created_at", "2024-09-01 08:27:46.493657"], ["updated_at", "2024-09-01 08:27:46.493657"], ["author", "ã¯ã‚„ã¿ã­ã‹ãŠã‚‹"], ["picture", "IMG_2294.jpg"]]
  â†³ app/controllers/books_controller.rb:27:in `block in create'
  [1m[36mTRANSACTION (5.3ms)[0m  [1m[36mcommit transaction[0m
  â†³ app/controllers/books_controller.rb:27:in `block in create'
Redirected to http://localhost:3000/books/9
Completed 302 Found in 42ms (ActiveRecord: 14.2ms (1 query, 0 cached) | GC: 0.0ms)


Started GET "/books/9" for ::1 at 2024-09-01 17:27:46 +0900
Processing by BooksController#show as TURBO_STREAM
  Parameters: {"id"=>"9"}
  [1m[36mBook Load (1.8ms)[0m  [1m[34mSELECT "books".* FROM "books" WHERE "books"."id" = ? LIMIT ?[0m  [["id", 9], ["LIMIT", 1]]
  â†³ app/controllers/books_controller.rb:63:in `set_book'
  Rendering layout layouts/application.html.erb
  Rendering books/show.html.erb within layouts/application
  Rendered books/_book.html.erb (Duration: 2.4ms | GC: 0.0ms)
  Rendered books/show.html.erb within layouts/application (Duration: 6.4ms | GC: 0.0ms)
  Rendered layout layouts/application.html.erb (Duration: 8.4ms | GC: 0.0ms)
Completed 200 OK in 18ms (Views: 9.8ms | ActiveRecord: 1.7ms (1 query, 0 cached) | GC: 0.0ms)


Started GET "/books" for ::1 at 2024-09-01 17:27:49 +0900
Processing by BooksController#index as HTML
  Rendering layout layouts/application.html.erb
  Rendering books/index.html.erb within layouts/application
  [1m[36mBook Load (0.2ms)[0m  [1m[34mSELECT "books".* FROM "books"[0m
  â†³ app/views/books/index.html.erb:8
  Rendered books/_book.html.erb (Duration: 0.6ms | GC: 0.0ms)
  Rendered books/index.html.erb within layouts/application (Duration: 5.3ms | GC: 0.0ms)
  Rendered layout layouts/application.html.erb (Duration: 6.9ms | GC: 0.0ms)
Completed 200 OK in 9ms (Views: 8.0ms | ActiveRecord: 0.2ms (1 query, 0 cached) | GC: 0.0ms)


Started GET "/books/new" for ::1 at 2024-09-01 17:27:56 +0900
Processing by BooksController#new as HTML
  Rendering layout layouts/application.html.erb
  Rendering books/new.html.erb within layouts/application
  Rendered books/_form.html.erb (Duration: 11.3ms | GC: 0.0ms)
  Rendered books/new.html.erb within layouts/application (Duration: 12.0ms | GC: 0.0ms)
  Rendered layout layouts/application.html.erb (Duration: 13.9ms | GC: 0.0ms)
Completed 200 OK in 19ms (Views: 14.9ms | ActiveRecord: 0.0ms (0 queries, 0 cached) | GC: 0.0ms)


Started GET "/books/9" for ::1 at 2024-09-01 17:27:56 +0900
Processing by BooksController#show as HTML
  Parameters: {"id"=>"9"}
  [1m[36mBook Load (0.1ms)[0m  [1m[34mSELECT "books".* FROM "books" WHERE "books"."id" = ? LIMIT ?[0m  [["id", 9], ["LIMIT", 1]]
  â†³ app/controllers/books_controller.rb:63:in `set_book'
  Rendering layout layouts/application.html.erb
  Rendering books/show.html.erb within layouts/application
  Rendered books/_book.html.erb (Duration: 0.3ms | GC: 0.0ms)
  Rendered books/show.html.erb within layouts/application (Duration: 4.2ms | GC: 0.0ms)
  Rendered layout layouts/application.html.erb (Duration: 5.0ms | GC: 0.0ms)
Completed 200 OK in 12ms (Views: 5.8ms | ActiveRecord: 0.1ms (1 query, 0 cached) | GC: 0.0ms)


Started GET "/books" for ::1 at 2024-09-01 17:28:02 +0900
Processing by BooksController#index as HTML
  Rendering layout layouts/application.html.erb
  Rendering books/index.html.erb within layouts/application
  [1m[36mBook Load (0.2ms)[0m  [1m[34mSELECT "books".* FROM "books"[0m
  â†³ app/views/books/index.html.erb:8
  Rendered books/_book.html.erb (Duration: 0.7ms | GC: 0.0ms)
  Rendered books/index.html.erb within layouts/application (Duration: 7.0ms | GC: 0.0ms)
  Rendered layout layouts/application.html.erb (Duration: 8.2ms | GC: 0.0ms)
Completed 200 OK in 12ms (Views: 9.1ms | ActiveRecord: 0.2ms (1 query, 0 cached) | GC: 0.0ms)


Started DELETE "/books/9" for ::1 at 2024-09-01 17:28:03 +0900
Processing by BooksController#destroy as TURBO_STREAM
  Parameters: {"authenticity_token"=>"[FILTERED]", "id"=>"9"}
  [1m[36mBook Load (0.1ms)[0m  [1m[34mSELECT "books".* FROM "books" WHERE "books"."id" = ? LIMIT ?[0m  [["id", 9], ["LIMIT", 1]]
  â†³ app/controllers/books_controller.rb:63:in `set_book'
  [1m[36mTRANSACTION (0.1ms)[0m  [1m[36mbegin transaction[0m
  â†³ app/controllers/books_controller.rb:52:in `destroy'
  [1m[36mBook Destroy (0.7ms)[0m  [1m[31mDELETE FROM "books" WHERE "books"."id" = ?[0m  [["id", 9]]
  â†³ app/controllers/books_controller.rb:52:in `destroy'
  [1m[36mTRANSACTION (0.3ms)[0m  [1m[36mcommit transaction[0m
  â†³ app/controllers/books_controller.rb:52:in `destroy'
Redirected to http://localhost:3000/books
Completed 302 Found in 13ms (ActiveRecord: 1.1ms (2 queries, 0 cached) | GC: 0.0ms)


Started GET "/books" for ::1 at 2024-09-01 17:28:03 +0900
Processing by BooksController#index as TURBO_STREAM
  Rendering layout layouts/application.html.erb
  Rendering books/index.html.erb within layouts/application
  [1m[36mBook Load (0.0ms)[0m  [1m[34mSELECT "books".* FROM "books"[0m
  â†³ app/views/books/index.html.erb:8
  Rendered books/index.html.erb within layouts/application (Duration: 2.3ms | GC: 0.0ms)
  Rendered layout layouts/application.html.erb (Duration: 5.0ms | GC: 0.0ms)
Completed 200 OK in 8ms (Views: 5.9ms | ActiveRecord: 0.0ms (1 query, 0 cached) | GC: 0.0ms)


